<?xml version="1.0" encoding="UTF-8"?>
<!-- Generated by org.testng.reporters.JUnitXMLReporter -->
<testsuite hostname="LAPTOP-9738CE5M" ignored="0" name="HubSpot Feature Testing - home page - chrome" tests="3" failures="1" timestamp="25 Jul 2020 09:54:26 GMT" time="68.752" errors="0">
  <testcase name="verifyHomePageHeaderTest" time="6.559" classname="com.qa.hubspot.tests.HomePageTest"/>
  <testcase name="verifyHomePageTitleTest" time="0.487" classname="com.qa.hubspot.tests.HomePageTest"/>
  <testcase name="verifyLoggedInUserTest" time="0.18" classname="com.qa.hubspot.tests.HomePageTest">
    <failure type="java.lang.AssertionError" message="expected [Proserv Sales Consultants] but found [null]">
      <![CDATA[java.lang.AssertionError: expected [Proserv Sales Consultants] but found [null]
at com.qa.hubspot.tests.HomePageTest.verifyLoggedInUserTest(HomePageTest.java:52)
at java.util.concurrent.FutureTask.run(FutureTask.java:266)
at java.util.concurrent.ThreadPoolExecutor.runWorker(ThreadPoolExecutor.java:1149)
at java.util.concurrent.ThreadPoolExecutor$Worker.run(ThreadPoolExecutor.java:624)
at java.lang.Thread.run(Thread.java:748)
... Removed 22 stack frames]]>
    </failure>
  </testcase> <!-- verifyLoggedInUserTest -->
</testsuite> <!-- HubSpot Feature Testing - home page - chrome -->
