<!DOCTYPE html PUBLIC "-//W3C//DTD XHTML 1.1//EN" "http://www.w3.org/TR/xhtml11/DTD/xhtml11.dtd">
<html xmlns="http://www.w3.org/1999/xhtml">
<head>
<meta http-equiv="content-type" content="text/html; charset=UTF-8"/>
<title>TestNG Report</title>
<style type="text/css">table {margin-bottom:10px;border-collapse:collapse;empty-cells:show}th,td {border:1px solid #009;padding:.25em .5em}th {vertical-align:bottom}td {vertical-align:top}table a {font-weight:bold}.stripe td {background-color: #E6EBF9}.num {text-align:right}.passedodd td {background-color: #3F3}.passedeven td {background-color: #0A0}.skippedodd td {background-color: #DDD}.skippedeven td {background-color: #CCC}.failedodd td,.attn {background-color: #F33}.failedeven td,.stripe .attn {background-color: #D00}.stacktrace {white-space:pre;font-family:monospace}.totop {font-size:85%;text-align:center;border-bottom:2px solid #000}.invisible {display:none}</style>
</head>
<body>
<table>
<tr><th>Test</th><th># Passed</th><th># Skipped</th><th># Failed</th><th>Time (ms)</th><th>Included Groups</th><th>Excluded Groups</th></tr>
<tr><th colspan="7">Hub spot Test automtion regression suite</th></tr>
<tr><td><a href="#t0">HubSpot Feature Testing - Contacts Page - chrome</a></td><td class="num">1</td><td class="num">0</td><td class="num attn">4</td><td class="num">50,836</td><td></td><td></td></tr>
<tr class="stripe"><td><a href="#t1">HubSpot Feature Testing - home page - chrome</a></td><td class="num">2</td><td class="num">0</td><td class="num attn">1</td><td class="num">68,752</td><td></td><td></td></tr>
<tr><td><a href="#t2">HubSpot Feature Testing - login page - firefox</a></td><td class="num">3</td><td class="num">0</td><td class="num">0</td><td class="num">22,330</td><td></td><td></td></tr>
<tr class="stripe"><td><a href="#t3">HubSpot Feature Testing - Login page - chrome</a></td><td class="num">3</td><td class="num">0</td><td class="num">0</td><td class="num">77,928</td><td></td><td></td></tr>
<tr><td><a href="#t4">HubSpot Feature Testing - home page - firefox</a></td><td class="num">2</td><td class="num">0</td><td class="num attn">1</td><td class="num">37,335</td><td></td><td></td></tr>
<tr class="stripe"><td><a href="#t5">HubSpot Feature Testing - contacts page - firefox</a></td><td class="num">1</td><td class="num">0</td><td class="num attn">4</td><td class="num">81,731</td><td></td><td></td></tr>
<tr><th>Total</th><th class="num">12</th><th class="num">0</th><th class="num attn">10</th><th class="num">338,912</th><th colspan="2"></th></tr>
</table>
<table id='summary'><thead><tr><th>Class</th><th>Method</th><th>Start</th><th>Time (ms)</th></tr></thead><tbody><tr><th colspan="4">Hub spot Test automtion regression suite</th></tr></tbody><tbody id="t0"><tr><th colspan="4">HubSpot Feature Testing - Contacts Page - chrome &#8212; failed</th></tr><tr class="failedeven"><td rowspan="4">com.qa.hubspot.tests.ContactsPageTest</td><td><a href="#m0">createNewContactTest</a></td><td rowspan="4">1595670842753</td><td rowspan="4">1352</td></tr><tr class="failedeven"><td><a href="#m1">createNewContactTest</a></td></tr><tr class="failedeven"><td><a href="#m2">createNewContactTest</a></td></tr><tr class="failedeven"><td><a href="#m3">createNewContactTest</a></td></tr><tr><th colspan="4">HubSpot Feature Testing - Contacts Page - chrome &#8212; passed</th></tr><tr class="passedeven"><td rowspan="1">com.qa.hubspot.tests.ContactsPageTest</td><td><a href="#m4">verifyContactsPageTitleTest</a></td><td rowspan="1">1595670818832</td><td rowspan="1">1158</td></tr></tbody>
<tbody id="t1"><tr><th colspan="4">HubSpot Feature Testing - home page - chrome &#8212; failed</th></tr><tr class="failedeven"><td rowspan="1">com.qa.hubspot.tests.HomePageTest</td><td><a href="#m5">verifyLoggedInUserTest</a></td><td rowspan="1">1595670864788</td><td rowspan="1">180</td></tr><tr><th colspan="4">HubSpot Feature Testing - home page - chrome &#8212; passed</th></tr><tr class="passedeven"><td rowspan="2">com.qa.hubspot.tests.HomePageTest</td><td><a href="#m6">verifyHomePageHeaderTest</a></td><td rowspan="1">1595670857719</td><td rowspan="1">6559</td></tr><tr class="passedeven"><td><a href="#m7">verifyHomePageTitleTest</a></td><td rowspan="1">1595670864292</td><td rowspan="1">487</td></tr></tbody>
<tbody id="t2"><tr><th colspan="4">HubSpot Feature Testing - login page - firefox &#8212; passed</th></tr><tr class="passedeven"><td rowspan="3">com.qa.hubspot.tests.LoginPageTest</td><td><a href="#m8">loginTest</a></td><td rowspan="1">1595670865351</td><td rowspan="1">2858</td></tr><tr class="passedeven"><td><a href="#m9">verifyLoginPageTitleTest</a></td><td rowspan="1">1595670865302</td><td rowspan="1">37</td></tr><tr class="passedeven"><td><a href="#m10">verifySignUpLinkTest</a></td><td rowspan="1">1595670859942</td><td rowspan="1">5347</td></tr></tbody>
<tbody id="t3"><tr><th colspan="4">HubSpot Feature Testing - Login page - chrome &#8212; passed</th></tr><tr class="passedeven"><td rowspan="3">com.qa.hubspot.tests.LoginPageTest</td><td><a href="#m11">loginTest</a></td><td rowspan="1">1595670874129</td><td rowspan="1">1429</td></tr><tr class="passedeven"><td><a href="#m12">verifyLoginPageTitleTest</a></td><td rowspan="1">1595670874000</td><td rowspan="1">114</td></tr><tr class="passedeven"><td><a href="#m13">verifySignUpLinkTest</a></td><td rowspan="1">1595670868199</td><td rowspan="1">5791</td></tr></tbody>
<tbody id="t4"><tr><th colspan="4">HubSpot Feature Testing - home page - firefox &#8212; failed</th></tr><tr class="failedeven"><td rowspan="1">com.qa.hubspot.tests.HomePageTest</td><td><a href="#m14">verifyLoggedInUserTest</a></td><td rowspan="1">1595670897797</td><td rowspan="1">216</td></tr><tr><th colspan="4">HubSpot Feature Testing - home page - firefox &#8212; passed</th></tr><tr class="passedeven"><td rowspan="2">com.qa.hubspot.tests.HomePageTest</td><td><a href="#m15">verifyHomePageHeaderTest</a></td><td rowspan="1">1595670888308</td><td rowspan="1">9424</td></tr><tr class="passedeven"><td><a href="#m16">verifyHomePageTitleTest</a></td><td rowspan="1">1595670897744</td><td rowspan="1">44</td></tr></tbody>
<tbody id="t5"><tr><th colspan="4">HubSpot Feature Testing - contacts page - firefox &#8212; failed</th></tr><tr class="failedeven"><td rowspan="4">com.qa.hubspot.tests.ContactsPageTest</td><td><a href="#m17">createNewContactTest</a></td><td rowspan="4">1595670946350</td><td rowspan="4">168</td></tr><tr class="failedeven"><td><a href="#m18">createNewContactTest</a></td></tr><tr class="failedeven"><td><a href="#m19">createNewContactTest</a></td></tr><tr class="failedeven"><td><a href="#m20">createNewContactTest</a></td></tr><tr><th colspan="4">HubSpot Feature Testing - contacts page - firefox &#8212; passed</th></tr><tr class="passedeven"><td rowspan="1">com.qa.hubspot.tests.ContactsPageTest</td><td><a href="#m21">verifyContactsPageTitleTest</a></td><td rowspan="1">1595670924665</td><td rowspan="1">1098</td></tr></tbody>
</table>
<h2>HubSpot Feature Testing - Contacts Page - chrome</h2><h3 id="m0">com.qa.hubspot.tests.ContactsPageTest#createNewContactTest</h3><table class="result"><tr class="param"><th>Parameter #1</th><th>Parameter #2</th><th>Parameter #3</th><th>Parameter #4</th></tr><tr class="param stripe"><td>sagar@gmail.com</td><td>Sagar</td><td>LN</td><td>SDET2</td></tr><tr><th colspan="4">Exception</th></tr><tr><td colspan="4"><div class="stacktrace">org.openqa.selenium.ElementClickInterceptedException: element click intercepted: Element &lt;span&gt;...&lt;/span&gt; is not clickable at point (1224, 163). Other element would receive the click: &lt;input aria-labelledby=&quot;UIFormControl-label-32&quot; id=&quot;UIFormControl-31&quot; data-field=&quot;email&quot; data-selenium-test=&quot;property-input-email&quot; type=&quot;text&quot; name=&quot;textInput&quot; class=&quot;form-control private-form__control&quot; value=&quot;sheena@gmail.com&quot;&gt;
  (Session info: chrome=84.0.4147.89)
Build info: version: &apos;3.141.59&apos;, revision: &apos;e82be7d358&apos;, time: &apos;2018-11-14T08:17:03&apos;
System info: host: &apos;LAPTOP-9738CE5M&apos;, ip: &apos;172.26.192.1&apos;, os.name: &apos;Windows 10&apos;, os.arch: &apos;amd64&apos;, os.version: &apos;10.0&apos;, java.version: &apos;1.8.0_181&apos;
Driver info: org.openqa.selenium.remote.RemoteWebDriver
Capabilities {acceptInsecureCerts: false, browserName: chrome, browserVersion: 84.0.4147.89, chrome: {chromedriverVersion: 84.0.4147.30 (48b3e868b4cc0..., userDataDir: /tmp/.com.google.Chrome.5TgK4M}, goog:chromeOptions: {debuggerAddress: localhost:46221}, javascriptEnabled: true, networkConnectionEnabled: false, pageLoadStrategy: normal, platform: LINUX, platformName: LINUX, proxy: Proxy(), setWindowRect: true, strictFileInteractability: false, timeouts: {implicit: 0, pageLoad: 300000, script: 30000}, unhandledPromptBehavior: dismiss and notify, webauthn:virtualAuthenticators: true, webdriver.remote.sessionid: 09918b0b2abf42342c21af65b8a...}
Session ID: 09918b0b2abf42342c21af65b8a1f65d
	at org.openqa.selenium.remote.http.W3CHttpResponseCodec.createException(W3CHttpResponseCodec.java:187)
	at org.openqa.selenium.remote.http.W3CHttpResponseCodec.decode(W3CHttpResponseCodec.java:122)
	at org.openqa.selenium.remote.http.W3CHttpResponseCodec.decode(W3CHttpResponseCodec.java:49)
	at org.openqa.selenium.remote.HttpCommandExecutor.execute(HttpCommandExecutor.java:158)
	at org.openqa.selenium.remote.RemoteWebDriver.execute(RemoteWebDriver.java:552)
	at org.openqa.selenium.remote.RemoteWebElement.execute(RemoteWebElement.java:285)
	at org.openqa.selenium.remote.RemoteWebElement.click(RemoteWebElement.java:84)
	at com.qa.hubspot.utils.ElementUtil.clickWhenReady(ElementUtil.java:166)
	at com.qa.hubspot.pages.ContactsPage.createContact(ContactsPage.java:39)
	at com.qa.hubspot.tests.ContactsPageTest.createNewContactTest(ContactsPageTest.java:45)
	at java.util.concurrent.FutureTask.run(FutureTask.java:266)
	at java.util.concurrent.ThreadPoolExecutor.runWorker(ThreadPoolExecutor.java:1149)
	at java.util.concurrent.ThreadPoolExecutor$Worker.run(ThreadPoolExecutor.java:624)
	at java.lang.Thread.run(Thread.java:748)
... Removed 20 stack frames</div></td></tr></table><p class="totop"><a href="#summary">back to summary</a></p>
<h3 id="m1">com.qa.hubspot.tests.ContactsPageTest#createNewContactTest</h3><table class="result"><tr class="param"><th>Parameter #1</th><th>Parameter #2</th><th>Parameter #3</th><th>Parameter #4</th></tr><tr class="param stripe"><td>tom@gmail.com</td><td>tom</td><td>peter</td><td>Director</td></tr><tr><th colspan="4">Exception</th></tr><tr><td colspan="4"><div class="stacktrace">org.openqa.selenium.ElementClickInterceptedException: element click intercepted: Element &lt;span&gt;...&lt;/span&gt; is not clickable at point (1224, 163). Other element would receive the click: &lt;input aria-labelledby=&quot;UIFormControl-label-32&quot; id=&quot;UIFormControl-31&quot; data-field=&quot;email&quot; data-selenium-test=&quot;property-input-email&quot; type=&quot;text&quot; name=&quot;textInput&quot; class=&quot;form-control private-form__control&quot; value=&quot;sheena@gmail.com&quot;&gt;
  (Session info: chrome=84.0.4147.89)
Build info: version: &apos;3.141.59&apos;, revision: &apos;e82be7d358&apos;, time: &apos;2018-11-14T08:17:03&apos;
System info: host: &apos;LAPTOP-9738CE5M&apos;, ip: &apos;172.26.192.1&apos;, os.name: &apos;Windows 10&apos;, os.arch: &apos;amd64&apos;, os.version: &apos;10.0&apos;, java.version: &apos;1.8.0_181&apos;
Driver info: org.openqa.selenium.remote.RemoteWebDriver
Capabilities {acceptInsecureCerts: false, browserName: chrome, browserVersion: 84.0.4147.89, chrome: {chromedriverVersion: 84.0.4147.30 (48b3e868b4cc0..., userDataDir: /tmp/.com.google.Chrome.5TgK4M}, goog:chromeOptions: {debuggerAddress: localhost:46221}, javascriptEnabled: true, networkConnectionEnabled: false, pageLoadStrategy: normal, platform: LINUX, platformName: LINUX, proxy: Proxy(), setWindowRect: true, strictFileInteractability: false, timeouts: {implicit: 0, pageLoad: 300000, script: 30000}, unhandledPromptBehavior: dismiss and notify, webauthn:virtualAuthenticators: true, webdriver.remote.sessionid: 09918b0b2abf42342c21af65b8a...}
Session ID: 09918b0b2abf42342c21af65b8a1f65d
	at org.openqa.selenium.remote.http.W3CHttpResponseCodec.createException(W3CHttpResponseCodec.java:187)
	at org.openqa.selenium.remote.http.W3CHttpResponseCodec.decode(W3CHttpResponseCodec.java:122)
	at org.openqa.selenium.remote.http.W3CHttpResponseCodec.decode(W3CHttpResponseCodec.java:49)
	at org.openqa.selenium.remote.HttpCommandExecutor.execute(HttpCommandExecutor.java:158)
	at org.openqa.selenium.remote.RemoteWebDriver.execute(RemoteWebDriver.java:552)
	at org.openqa.selenium.remote.RemoteWebElement.execute(RemoteWebElement.java:285)
	at org.openqa.selenium.remote.RemoteWebElement.click(RemoteWebElement.java:84)
	at com.qa.hubspot.utils.ElementUtil.clickWhenReady(ElementUtil.java:166)
	at com.qa.hubspot.pages.ContactsPage.createContact(ContactsPage.java:39)
	at com.qa.hubspot.tests.ContactsPageTest.createNewContactTest(ContactsPageTest.java:45)
	at java.util.concurrent.FutureTask.run(FutureTask.java:266)
	at java.util.concurrent.ThreadPoolExecutor.runWorker(ThreadPoolExecutor.java:1149)
	at java.util.concurrent.ThreadPoolExecutor$Worker.run(ThreadPoolExecutor.java:624)
	at java.lang.Thread.run(Thread.java:748)
... Removed 20 stack frames</div></td></tr></table><p class="totop"><a href="#summary">back to summary</a></p>
<h3 id="m2">com.qa.hubspot.tests.ContactsPageTest#createNewContactTest</h3><table class="result"><tr class="param"><th>Parameter #1</th><th>Parameter #2</th><th>Parameter #3</th><th>Parameter #4</th></tr><tr class="param stripe"><td>sheena@gmail.com</td><td>Sheena</td><td>Shoby</td><td>SDET1</td></tr><tr><th colspan="4">Exception</th></tr><tr><td colspan="4"><div class="stacktrace">org.openqa.selenium.TimeoutException: Expected condition failed: waiting for element to be clickable: By.xpath: (//*[text()=&apos;Contacts&apos;])[position()=1] (tried for 10 second(s) with 500 milliseconds interval)
Build info: version: &apos;3.141.59&apos;, revision: &apos;e82be7d358&apos;, time: &apos;2018-11-14T08:17:03&apos;
System info: host: &apos;LAPTOP-9738CE5M&apos;, ip: &apos;172.26.192.1&apos;, os.name: &apos;Windows 10&apos;, os.arch: &apos;amd64&apos;, os.version: &apos;10.0&apos;, java.version: &apos;1.8.0_181&apos;
Driver info: org.openqa.selenium.remote.RemoteWebDriver
Capabilities {acceptInsecureCerts: false, browserName: chrome, browserVersion: 84.0.4147.89, chrome: {chromedriverVersion: 84.0.4147.30 (48b3e868b4cc0..., userDataDir: /tmp/.com.google.Chrome.5TgK4M}, goog:chromeOptions: {debuggerAddress: localhost:46221}, javascriptEnabled: true, networkConnectionEnabled: false, pageLoadStrategy: normal, platform: LINUX, platformName: LINUX, proxy: Proxy(), setWindowRect: true, strictFileInteractability: false, timeouts: {implicit: 0, pageLoad: 300000, script: 30000}, unhandledPromptBehavior: dismiss and notify, webauthn:virtualAuthenticators: true, webdriver.remote.sessionid: 09918b0b2abf42342c21af65b8a...}
Session ID: 09918b0b2abf42342c21af65b8a1f65d
	at org.openqa.selenium.support.ui.WebDriverWait.timeoutException(WebDriverWait.java:95)
	at org.openqa.selenium.support.ui.FluentWait.until(FluentWait.java:272)
	at com.qa.hubspot.utils.ElementUtil.clickWhenReady(ElementUtil.java:165)
	at com.qa.hubspot.pages.ContactsPage.createContact(ContactsPage.java:52)
	at com.qa.hubspot.tests.ContactsPageTest.createNewContactTest(ContactsPageTest.java:45)
	at java.util.concurrent.FutureTask.run(FutureTask.java:266)
	at java.util.concurrent.ThreadPoolExecutor.runWorker(ThreadPoolExecutor.java:1149)
	at java.util.concurrent.ThreadPoolExecutor$Worker.run(ThreadPoolExecutor.java:624)
	at java.lang.Thread.run(Thread.java:748)
... Removed 16 stack frames</div></td></tr></table><p class="totop"><a href="#summary">back to summary</a></p>
<h3 id="m3">com.qa.hubspot.tests.ContactsPageTest#createNewContactTest</h3><table class="result"><tr class="param"><th>Parameter #1</th><th>Parameter #2</th><th>Parameter #3</th><th>Parameter #4</th></tr><tr class="param stripe"><td>kan@gmail.com</td><td>Kan</td><td>Oberoi</td><td>QA Manager</td></tr><tr><th colspan="4">Exception</th></tr><tr><td colspan="4"><div class="stacktrace">org.openqa.selenium.ElementClickInterceptedException: element click intercepted: Element &lt;span&gt;...&lt;/span&gt; is not clickable at point (1224, 163). Other element would receive the click: &lt;input aria-labelledby=&quot;UIFormControl-label-32&quot; id=&quot;UIFormControl-31&quot; data-field=&quot;email&quot; data-selenium-test=&quot;property-input-email&quot; type=&quot;text&quot; name=&quot;textInput&quot; class=&quot;form-control private-form__control&quot; value=&quot;sheena@gmail.com&quot;&gt;
  (Session info: chrome=84.0.4147.89)
Build info: version: &apos;3.141.59&apos;, revision: &apos;e82be7d358&apos;, time: &apos;2018-11-14T08:17:03&apos;
System info: host: &apos;LAPTOP-9738CE5M&apos;, ip: &apos;172.26.192.1&apos;, os.name: &apos;Windows 10&apos;, os.arch: &apos;amd64&apos;, os.version: &apos;10.0&apos;, java.version: &apos;1.8.0_181&apos;
Driver info: org.openqa.selenium.remote.RemoteWebDriver
Capabilities {acceptInsecureCerts: false, browserName: chrome, browserVersion: 84.0.4147.89, chrome: {chromedriverVersion: 84.0.4147.30 (48b3e868b4cc0..., userDataDir: /tmp/.com.google.Chrome.5TgK4M}, goog:chromeOptions: {debuggerAddress: localhost:46221}, javascriptEnabled: true, networkConnectionEnabled: false, pageLoadStrategy: normal, platform: LINUX, platformName: LINUX, proxy: Proxy(), setWindowRect: true, strictFileInteractability: false, timeouts: {implicit: 0, pageLoad: 300000, script: 30000}, unhandledPromptBehavior: dismiss and notify, webauthn:virtualAuthenticators: true, webdriver.remote.sessionid: 09918b0b2abf42342c21af65b8a...}
Session ID: 09918b0b2abf42342c21af65b8a1f65d
	at org.openqa.selenium.remote.http.W3CHttpResponseCodec.createException(W3CHttpResponseCodec.java:187)
	at org.openqa.selenium.remote.http.W3CHttpResponseCodec.decode(W3CHttpResponseCodec.java:122)
	at org.openqa.selenium.remote.http.W3CHttpResponseCodec.decode(W3CHttpResponseCodec.java:49)
	at org.openqa.selenium.remote.HttpCommandExecutor.execute(HttpCommandExecutor.java:158)
	at org.openqa.selenium.remote.RemoteWebDriver.execute(RemoteWebDriver.java:552)
	at org.openqa.selenium.remote.RemoteWebElement.execute(RemoteWebElement.java:285)
	at org.openqa.selenium.remote.RemoteWebElement.click(RemoteWebElement.java:84)
	at com.qa.hubspot.utils.ElementUtil.clickWhenReady(ElementUtil.java:166)
	at com.qa.hubspot.pages.ContactsPage.createContact(ContactsPage.java:39)
	at com.qa.hubspot.tests.ContactsPageTest.createNewContactTest(ContactsPageTest.java:45)
	at java.util.concurrent.FutureTask.run(FutureTask.java:266)
	at java.util.concurrent.ThreadPoolExecutor.runWorker(ThreadPoolExecutor.java:1149)
	at java.util.concurrent.ThreadPoolExecutor$Worker.run(ThreadPoolExecutor.java:624)
	at java.lang.Thread.run(Thread.java:748)
... Removed 20 stack frames</div></td></tr></table><p class="totop"><a href="#summary">back to summary</a></p>
<h3 id="m4">com.qa.hubspot.tests.ContactsPageTest#verifyContactsPageTitleTest</h3><table class="result"><tr><th class="invisible"/></tr></table><p class="totop"><a href="#summary">back to summary</a></p>
<h2>HubSpot Feature Testing - home page - chrome</h2><h3 id="m5">com.qa.hubspot.tests.HomePageTest#verifyLoggedInUserTest</h3><table class="result"><tr><th>Exception</th></tr><tr><td><div class="stacktrace">java.lang.AssertionError: expected [Proserv Sales Consultants] but found [null]
	at com.qa.hubspot.tests.HomePageTest.verifyLoggedInUserTest(HomePageTest.java:52)
	at java.util.concurrent.FutureTask.run(FutureTask.java:266)
	at java.util.concurrent.ThreadPoolExecutor.runWorker(ThreadPoolExecutor.java:1149)
	at java.util.concurrent.ThreadPoolExecutor$Worker.run(ThreadPoolExecutor.java:624)
	at java.lang.Thread.run(Thread.java:748)
... Removed 22 stack frames</div></td></tr></table><p class="totop"><a href="#summary">back to summary</a></p>
<h3 id="m6">com.qa.hubspot.tests.HomePageTest#verifyHomePageHeaderTest</h3><table class="result"><tr><th class="invisible"/></tr></table><p class="totop"><a href="#summary">back to summary</a></p>
<h3 id="m7">com.qa.hubspot.tests.HomePageTest#verifyHomePageTitleTest</h3><table class="result"><tr><th class="invisible"/></tr></table><p class="totop"><a href="#summary">back to summary</a></p>
<h2>HubSpot Feature Testing - login page - firefox</h2><h3 id="m8">com.qa.hubspot.tests.LoginPageTest#loginTest</h3><table class="result"><tr><th class="invisible"/></tr></table><p class="totop"><a href="#summary">back to summary</a></p>
<h3 id="m9">com.qa.hubspot.tests.LoginPageTest#verifyLoginPageTitleTest</h3><table class="result"><tr><th class="invisible"/></tr></table><p class="totop"><a href="#summary">back to summary</a></p>
<h3 id="m10">com.qa.hubspot.tests.LoginPageTest#verifySignUpLinkTest</h3><table class="result"><tr><th class="invisible"/></tr></table><p class="totop"><a href="#summary">back to summary</a></p>
<h2>HubSpot Feature Testing - Login page - chrome</h2><h3 id="m11">com.qa.hubspot.tests.LoginPageTest#loginTest</h3><table class="result"><tr><th class="invisible"/></tr></table><p class="totop"><a href="#summary">back to summary</a></p>
<h3 id="m12">com.qa.hubspot.tests.LoginPageTest#verifyLoginPageTitleTest</h3><table class="result"><tr><th class="invisible"/></tr></table><p class="totop"><a href="#summary">back to summary</a></p>
<h3 id="m13">com.qa.hubspot.tests.LoginPageTest#verifySignUpLinkTest</h3><table class="result"><tr><th class="invisible"/></tr></table><p class="totop"><a href="#summary">back to summary</a></p>
<h2>HubSpot Feature Testing - home page - firefox</h2><h3 id="m14">com.qa.hubspot.tests.HomePageTest#verifyLoggedInUserTest</h3><table class="result"><tr><th>Exception</th></tr><tr><td><div class="stacktrace">java.lang.AssertionError: expected [Proserv Sales Consultants] but found [null]
	at com.qa.hubspot.tests.HomePageTest.verifyLoggedInUserTest(HomePageTest.java:52)
	at java.util.concurrent.FutureTask.run(FutureTask.java:266)
	at java.util.concurrent.ThreadPoolExecutor.runWorker(ThreadPoolExecutor.java:1149)
	at java.util.concurrent.ThreadPoolExecutor$Worker.run(ThreadPoolExecutor.java:624)
	at java.lang.Thread.run(Thread.java:748)
... Removed 22 stack frames</div></td></tr></table><p class="totop"><a href="#summary">back to summary</a></p>
<h3 id="m15">com.qa.hubspot.tests.HomePageTest#verifyHomePageHeaderTest</h3><table class="result"><tr><th class="invisible"/></tr></table><p class="totop"><a href="#summary">back to summary</a></p>
<h3 id="m16">com.qa.hubspot.tests.HomePageTest#verifyHomePageTitleTest</h3><table class="result"><tr><th class="invisible"/></tr></table><p class="totop"><a href="#summary">back to summary</a></p>
<h2>HubSpot Feature Testing - contacts page - firefox</h2><h3 id="m17">com.qa.hubspot.tests.ContactsPageTest#createNewContactTest</h3><table class="result"><tr class="param"><th>Parameter #1</th><th>Parameter #2</th><th>Parameter #3</th><th>Parameter #4</th></tr><tr class="param stripe"><td>kan@gmail.com</td><td>Kan</td><td>Oberoi</td><td>QA Manager</td></tr><tr><th colspan="4">Exception</th></tr><tr><td colspan="4"><div class="stacktrace">org.openqa.selenium.ElementClickInterceptedException: Element &lt;span&gt; is not clickable at point (1227,165) because another element &lt;input id=&quot;UIFormControl-31&quot; class=&quot;form-control private-form__control&quot; name=&quot;textInput&quot; type=&quot;text&quot;&gt; obscures it
Build info: version: &apos;3.141.59&apos;, revision: &apos;e82be7d358&apos;, time: &apos;2018-11-14T08:17:03&apos;
System info: host: &apos;LAPTOP-9738CE5M&apos;, ip: &apos;172.26.192.1&apos;, os.name: &apos;Windows 10&apos;, os.arch: &apos;amd64&apos;, os.version: &apos;10.0&apos;, java.version: &apos;1.8.0_181&apos;
Driver info: org.openqa.selenium.remote.RemoteWebDriver
Capabilities {acceptInsecureCerts: true, browserName: firefox, browserVersion: 78.0.2, javascriptEnabled: true, moz:accessibilityChecks: false, moz:buildID: 20200708170202, moz:geckodriverVersion: 0.26.0, moz:headless: false, moz:processID: 2702, moz:profile: /tmp/rust_mozprofileuue0lb, moz:shutdownTimeout: 60000, moz:useNonSpecCompliantPointerOrigin: false, moz:webdriverClick: true, pageLoadStrategy: normal, platform: LINUX, platformName: LINUX, platformVersion: 4.19.104-microsoft-standard, rotatable: false, setWindowRect: true, strictFileInteractability: false, timeouts: {implicit: 0, pageLoad: 300000, script: 30000}, unhandledPromptBehavior: dismiss and notify, webdriver.remote.sessionid: 500b3af1-a5cb-414a-b9d7-a1d...}
Session ID: 500b3af1-a5cb-414a-b9d7-a1d075ede560
	at org.openqa.selenium.remote.http.W3CHttpResponseCodec.createException(W3CHttpResponseCodec.java:187)
	at org.openqa.selenium.remote.http.W3CHttpResponseCodec.decode(W3CHttpResponseCodec.java:122)
	at org.openqa.selenium.remote.http.W3CHttpResponseCodec.decode(W3CHttpResponseCodec.java:49)
	at org.openqa.selenium.remote.HttpCommandExecutor.execute(HttpCommandExecutor.java:158)
	at org.openqa.selenium.remote.RemoteWebDriver.execute(RemoteWebDriver.java:552)
	at org.openqa.selenium.remote.RemoteWebElement.execute(RemoteWebElement.java:285)
	at org.openqa.selenium.remote.RemoteWebElement.click(RemoteWebElement.java:84)
	at com.qa.hubspot.utils.ElementUtil.clickWhenReady(ElementUtil.java:166)
	at com.qa.hubspot.pages.ContactsPage.createContact(ContactsPage.java:39)
	at com.qa.hubspot.tests.ContactsPageTest.createNewContactTest(ContactsPageTest.java:45)
	at java.util.concurrent.FutureTask.run(FutureTask.java:266)
	at java.util.concurrent.ThreadPoolExecutor.runWorker(ThreadPoolExecutor.java:1149)
	at java.util.concurrent.ThreadPoolExecutor$Worker.run(ThreadPoolExecutor.java:624)
	at java.lang.Thread.run(Thread.java:748)
... Removed 20 stack frames</div></td></tr></table><p class="totop"><a href="#summary">back to summary</a></p>
<h3 id="m18">com.qa.hubspot.tests.ContactsPageTest#createNewContactTest</h3><table class="result"><tr class="param"><th>Parameter #1</th><th>Parameter #2</th><th>Parameter #3</th><th>Parameter #4</th></tr><tr class="param stripe"><td>sagar@gmail.com</td><td>Sagar</td><td>LN</td><td>SDET2</td></tr><tr><th colspan="4">Exception</th></tr><tr><td colspan="4"><div class="stacktrace">org.openqa.selenium.ElementClickInterceptedException: Element &lt;span&gt; is not clickable at point (1227,165) because another element &lt;input id=&quot;UIFormControl-31&quot; class=&quot;form-control private-form__control&quot; name=&quot;textInput&quot; type=&quot;text&quot;&gt; obscures it
Build info: version: &apos;3.141.59&apos;, revision: &apos;e82be7d358&apos;, time: &apos;2018-11-14T08:17:03&apos;
System info: host: &apos;LAPTOP-9738CE5M&apos;, ip: &apos;172.26.192.1&apos;, os.name: &apos;Windows 10&apos;, os.arch: &apos;amd64&apos;, os.version: &apos;10.0&apos;, java.version: &apos;1.8.0_181&apos;
Driver info: org.openqa.selenium.remote.RemoteWebDriver
Capabilities {acceptInsecureCerts: true, browserName: firefox, browserVersion: 78.0.2, javascriptEnabled: true, moz:accessibilityChecks: false, moz:buildID: 20200708170202, moz:geckodriverVersion: 0.26.0, moz:headless: false, moz:processID: 2702, moz:profile: /tmp/rust_mozprofileuue0lb, moz:shutdownTimeout: 60000, moz:useNonSpecCompliantPointerOrigin: false, moz:webdriverClick: true, pageLoadStrategy: normal, platform: LINUX, platformName: LINUX, platformVersion: 4.19.104-microsoft-standard, rotatable: false, setWindowRect: true, strictFileInteractability: false, timeouts: {implicit: 0, pageLoad: 300000, script: 30000}, unhandledPromptBehavior: dismiss and notify, webdriver.remote.sessionid: 500b3af1-a5cb-414a-b9d7-a1d...}
Session ID: 500b3af1-a5cb-414a-b9d7-a1d075ede560
	at org.openqa.selenium.remote.http.W3CHttpResponseCodec.createException(W3CHttpResponseCodec.java:187)
	at org.openqa.selenium.remote.http.W3CHttpResponseCodec.decode(W3CHttpResponseCodec.java:122)
	at org.openqa.selenium.remote.http.W3CHttpResponseCodec.decode(W3CHttpResponseCodec.java:49)
	at org.openqa.selenium.remote.HttpCommandExecutor.execute(HttpCommandExecutor.java:158)
	at org.openqa.selenium.remote.RemoteWebDriver.execute(RemoteWebDriver.java:552)
	at org.openqa.selenium.remote.RemoteWebElement.execute(RemoteWebElement.java:285)
	at org.openqa.selenium.remote.RemoteWebElement.click(RemoteWebElement.java:84)
	at com.qa.hubspot.utils.ElementUtil.clickWhenReady(ElementUtil.java:166)
	at com.qa.hubspot.pages.ContactsPage.createContact(ContactsPage.java:39)
	at com.qa.hubspot.tests.ContactsPageTest.createNewContactTest(ContactsPageTest.java:45)
	at java.util.concurrent.FutureTask.run(FutureTask.java:266)
	at java.util.concurrent.ThreadPoolExecutor.runWorker(ThreadPoolExecutor.java:1149)
	at java.util.concurrent.ThreadPoolExecutor$Worker.run(ThreadPoolExecutor.java:624)
	at java.lang.Thread.run(Thread.java:748)
... Removed 20 stack frames</div></td></tr></table><p class="totop"><a href="#summary">back to summary</a></p>
<h3 id="m19">com.qa.hubspot.tests.ContactsPageTest#createNewContactTest</h3><table class="result"><tr class="param"><th>Parameter #1</th><th>Parameter #2</th><th>Parameter #3</th><th>Parameter #4</th></tr><tr class="param stripe"><td>sheena@gmail.com</td><td>Sheena</td><td>Shoby</td><td>SDET1</td></tr><tr><th colspan="4">Exception</th></tr><tr><td colspan="4"><div class="stacktrace">org.openqa.selenium.TimeoutException: Expected condition failed: waiting for element to be clickable: By.xpath: (//*[text()=&apos;Contacts&apos;])[position()=1] (tried for 10 second(s) with 500 milliseconds interval)
Build info: version: &apos;3.141.59&apos;, revision: &apos;e82be7d358&apos;, time: &apos;2018-11-14T08:17:03&apos;
System info: host: &apos;LAPTOP-9738CE5M&apos;, ip: &apos;172.26.192.1&apos;, os.name: &apos;Windows 10&apos;, os.arch: &apos;amd64&apos;, os.version: &apos;10.0&apos;, java.version: &apos;1.8.0_181&apos;
Driver info: org.openqa.selenium.remote.RemoteWebDriver
Capabilities {acceptInsecureCerts: true, browserName: firefox, browserVersion: 78.0.2, javascriptEnabled: true, moz:accessibilityChecks: false, moz:buildID: 20200708170202, moz:geckodriverVersion: 0.26.0, moz:headless: false, moz:processID: 2702, moz:profile: /tmp/rust_mozprofileuue0lb, moz:shutdownTimeout: 60000, moz:useNonSpecCompliantPointerOrigin: false, moz:webdriverClick: true, pageLoadStrategy: normal, platform: LINUX, platformName: LINUX, platformVersion: 4.19.104-microsoft-standard, rotatable: false, setWindowRect: true, strictFileInteractability: false, timeouts: {implicit: 0, pageLoad: 300000, script: 30000}, unhandledPromptBehavior: dismiss and notify, webdriver.remote.sessionid: 500b3af1-a5cb-414a-b9d7-a1d...}
Session ID: 500b3af1-a5cb-414a-b9d7-a1d075ede560
	at org.openqa.selenium.support.ui.WebDriverWait.timeoutException(WebDriverWait.java:95)
	at org.openqa.selenium.support.ui.FluentWait.until(FluentWait.java:272)
	at com.qa.hubspot.utils.ElementUtil.clickWhenReady(ElementUtil.java:165)
	at com.qa.hubspot.pages.ContactsPage.createContact(ContactsPage.java:52)
	at com.qa.hubspot.tests.ContactsPageTest.createNewContactTest(ContactsPageTest.java:45)
	at java.util.concurrent.FutureTask.run(FutureTask.java:266)
	at java.util.concurrent.ThreadPoolExecutor.runWorker(ThreadPoolExecutor.java:1149)
	at java.util.concurrent.ThreadPoolExecutor$Worker.run(ThreadPoolExecutor.java:624)
	at java.lang.Thread.run(Thread.java:748)
... Removed 16 stack frames</div></td></tr></table><p class="totop"><a href="#summary">back to summary</a></p>
<h3 id="m20">com.qa.hubspot.tests.ContactsPageTest#createNewContactTest</h3><table class="result"><tr class="param"><th>Parameter #1</th><th>Parameter #2</th><th>Parameter #3</th><th>Parameter #4</th></tr><tr class="param stripe"><td>tom@gmail.com</td><td>tom</td><td>peter</td><td>Director</td></tr><tr><th colspan="4">Exception</th></tr><tr><td colspan="4"><div class="stacktrace">org.openqa.selenium.ElementClickInterceptedException: Element &lt;span&gt; is not clickable at point (1227,165) because another element &lt;input id=&quot;UIFormControl-31&quot; class=&quot;form-control private-form__control&quot; name=&quot;textInput&quot; type=&quot;text&quot;&gt; obscures it
Build info: version: &apos;3.141.59&apos;, revision: &apos;e82be7d358&apos;, time: &apos;2018-11-14T08:17:03&apos;
System info: host: &apos;LAPTOP-9738CE5M&apos;, ip: &apos;172.26.192.1&apos;, os.name: &apos;Windows 10&apos;, os.arch: &apos;amd64&apos;, os.version: &apos;10.0&apos;, java.version: &apos;1.8.0_181&apos;
Driver info: org.openqa.selenium.remote.RemoteWebDriver
Capabilities {acceptInsecureCerts: true, browserName: firefox, browserVersion: 78.0.2, javascriptEnabled: true, moz:accessibilityChecks: false, moz:buildID: 20200708170202, moz:geckodriverVersion: 0.26.0, moz:headless: false, moz:processID: 2702, moz:profile: /tmp/rust_mozprofileuue0lb, moz:shutdownTimeout: 60000, moz:useNonSpecCompliantPointerOrigin: false, moz:webdriverClick: true, pageLoadStrategy: normal, platform: LINUX, platformName: LINUX, platformVersion: 4.19.104-microsoft-standard, rotatable: false, setWindowRect: true, strictFileInteractability: false, timeouts: {implicit: 0, pageLoad: 300000, script: 30000}, unhandledPromptBehavior: dismiss and notify, webdriver.remote.sessionid: 500b3af1-a5cb-414a-b9d7-a1d...}
Session ID: 500b3af1-a5cb-414a-b9d7-a1d075ede560
	at org.openqa.selenium.remote.http.W3CHttpResponseCodec.createException(W3CHttpResponseCodec.java:187)
	at org.openqa.selenium.remote.http.W3CHttpResponseCodec.decode(W3CHttpResponseCodec.java:122)
	at org.openqa.selenium.remote.http.W3CHttpResponseCodec.decode(W3CHttpResponseCodec.java:49)
	at org.openqa.selenium.remote.HttpCommandExecutor.execute(HttpCommandExecutor.java:158)
	at org.openqa.selenium.remote.RemoteWebDriver.execute(RemoteWebDriver.java:552)
	at org.openqa.selenium.remote.RemoteWebElement.execute(RemoteWebElement.java:285)
	at org.openqa.selenium.remote.RemoteWebElement.click(RemoteWebElement.java:84)
	at com.qa.hubspot.utils.ElementUtil.clickWhenReady(ElementUtil.java:166)
	at com.qa.hubspot.pages.ContactsPage.createContact(ContactsPage.java:39)
	at com.qa.hubspot.tests.ContactsPageTest.createNewContactTest(ContactsPageTest.java:45)
	at java.util.concurrent.FutureTask.run(FutureTask.java:266)
	at java.util.concurrent.ThreadPoolExecutor.runWorker(ThreadPoolExecutor.java:1149)
	at java.util.concurrent.ThreadPoolExecutor$Worker.run(ThreadPoolExecutor.java:624)
	at java.lang.Thread.run(Thread.java:748)
... Removed 20 stack frames</div></td></tr></table><p class="totop"><a href="#summary">back to summary</a></p>
<h3 id="m21">com.qa.hubspot.tests.ContactsPageTest#verifyContactsPageTitleTest</h3><table class="result"><tr><th class="invisible"/></tr></table><p class="totop"><a href="#summary">back to summary</a></p>
</body>
</html>
