<!DOCTYPE html>

<html>
  <head>
  <meta charset='utf-8'>
  <title>TestNG reports</title>

    <link type="text/css" href="testng-reports.css" rel="stylesheet" />
    <script type="text/javascript" src="jquery-1.7.1.min.js"></script>
    <script type="text/javascript" src="testng-reports.js"></script>
    <script type="text/javascript" src="https://www.google.com/jsapi"></script>
    <script type='text/javascript'>
      google.load('visualization', '1', {packages:['table']});
      google.setOnLoadCallback(drawTable);
      var suiteTableInitFunctions = new Array();
      var suiteTableData = new Array();
    </script>
    <!--
      <script type="text/javascript" src="jquery-ui/js/jquery-ui-1.8.16.custom.min.js"></script>
     -->
  </head>

  <body>
    <div class="top-banner-root">
      <span class="top-banner-title-font">Test results</span>
      <br/>
      <span class="top-banner-font-1">1 suite, 10 failed tests</span>
    </div> <!-- top-banner-root -->
    <div class="navigator-root">
      <div class="navigator-suite-header">
        <span>All suites</span>
        <a href="#" class="collapse-all-link" title="Collapse/expand all the suites">
          <img class="collapse-all-icon" src="collapseall.gif">
          </img> <!-- collapse-all-icon -->
        </a> <!-- collapse-all-link -->
      </div> <!-- navigator-suite-header -->
      <div class="suite">
        <div class="rounded-window">
          <div class="suite-header light-rounded-window-top">
            <a href="#" class="navigator-link" panel-name="suite-Hub_spot_Test_automtion_regression_suite">
              <span class="suite-name border-failed">Hub spot Test automtion regression suite</span>
            </a> <!-- navigator-link -->
          </div> <!-- suite-header light-rounded-window-top -->
          <div class="navigator-suite-content">
            <div class="suite-section-title">
              <span>Info</span>
            </div> <!-- suite-section-title -->
            <div class="suite-section-content">
              <ul>
                <li>
                  <a href="#" class="navigator-link " panel-name="test-xml-Hub_spot_Test_automtion_regression_suite">
                    <span>C:\work\workspace\May2020POMSeries\src\test\resources\testrunners\testng_regression.xml</span>
                  </a> <!-- navigator-link  -->
                </li>
                <li>
                  <a href="#" class="navigator-link " panel-name="testlist-Hub_spot_Test_automtion_regression_suite">
                    <span class="test-stats">6 tests</span>
                  </a> <!-- navigator-link  -->
                </li>
                <li>
                  <a href="#" class="navigator-link " panel-name="group-Hub_spot_Test_automtion_regression_suite">
                    <span>0 groups</span>
                  </a> <!-- navigator-link  -->
                </li>
                <li>
                  <a href="#" class="navigator-link " panel-name="times-Hub_spot_Test_automtion_regression_suite">
                    <span>Times</span>
                  </a> <!-- navigator-link  -->
                </li>
                <li>
                  <a href="#" class="navigator-link " panel-name="reporter-Hub_spot_Test_automtion_regression_suite">
                    <span>Reporter output</span>
                  </a> <!-- navigator-link  -->
                </li>
                <li>
                  <a href="#" class="navigator-link " panel-name="ignored-methods-Hub_spot_Test_automtion_regression_suite">
                    <span>Ignored methods</span>
                  </a> <!-- navigator-link  -->
                </li>
                <li>
                  <a href="#" class="navigator-link " panel-name="chronological-Hub_spot_Test_automtion_regression_suite">
                    <span>Chronological view</span>
                  </a> <!-- navigator-link  -->
                </li>
              </ul>
            </div> <!-- suite-section-content -->
            <div class="result-section">
              <div class="suite-section-title">
                <span>Results</span>
              </div> <!-- suite-section-title -->
              <div class="suite-section-content">
                <ul>
                  <li>
                    <span class="method-stats">22 methods, 10 failed,   12 passed</span>
                  </li>
                  <li>
                    <span class="method-list-title failed">Failed methods</span>
                    <span class="show-or-hide-methods failed">
                      <a href="#" panel-name="suite-Hub_spot_Test_automtion_regression_suite" class="hide-methods failed suite-Hub_spot_Test_automtion_regression_suite"> (hide)</a> <!-- hide-methods failed suite-Hub_spot_Test_automtion_regression_suite -->
                      <a href="#" panel-name="suite-Hub_spot_Test_automtion_regression_suite" class="show-methods failed suite-Hub_spot_Test_automtion_regression_suite"> (show)</a> <!-- show-methods failed suite-Hub_spot_Test_automtion_regression_suite -->
                    </span>
                    <div class="method-list-content failed suite-Hub_spot_Test_automtion_regression_suite">
                      <span>
                        <img width="3%" src="failed.png"/>
                        <a href="#" class="method navigator-link" panel-name="suite-Hub_spot_Test_automtion_regression_suite" title="com.qa.hubspot.tests.ContactsPageTest" hash-for-method="createNewContactTest(sagar@gmail.com, Sagar, LN, SDET2)">createNewContactTest(sagar@gmail.com, Sagar, LN, SDET2)</a> <!-- method navigator-link -->
                      </span>
                      <br/>
                      <span>
                        <img width="3%" src="failed.png"/>
                        <a href="#" class="method navigator-link" panel-name="suite-Hub_spot_Test_automtion_regression_suite" title="com.qa.hubspot.tests.ContactsPageTest" hash-for-method="createNewContactTest(tom@gmail.com, tom, peter, Director)">createNewContactTest(tom@gmail.com, tom, peter, Director)</a> <!-- method navigator-link -->
                      </span>
                      <br/>
                      <span>
                        <img width="3%" src="failed.png"/>
                        <a href="#" class="method navigator-link" panel-name="suite-Hub_spot_Test_automtion_regression_suite" title="com.qa.hubspot.tests.ContactsPageTest" hash-for-method="createNewContactTest(sheena@gmail.com, Sheena, Shoby, SDET1)">createNewContactTest(sheena@gmail.com, Sheena, Shoby, SDET1)</a> <!-- method navigator-link -->
                      </span>
                      <br/>
                      <span>
                        <img width="3%" src="failed.png"/>
                        <a href="#" class="method navigator-link" panel-name="suite-Hub_spot_Test_automtion_regression_suite" title="com.qa.hubspot.tests.ContactsPageTest" hash-for-method="createNewContactTest(kan@gmail.com, Kan, Oberoi, QA Manager)">createNewContactTest(kan@gmail.com, Kan, Oberoi, QA Manager)</a> <!-- method navigator-link -->
                      </span>
                      <br/>
                      <span>
                        <img width="3%" src="failed.png"/>
                        <a href="#" class="method navigator-link" panel-name="suite-Hub_spot_Test_automtion_regression_suite" title="com.qa.hubspot.tests.ContactsPageTest" hash-for-method="createNewContactTest(kan@gmail.com, Kan, Oberoi, QA Manager)">createNewContactTest(kan@gmail.com, Kan, Oberoi, QA Manager)</a> <!-- method navigator-link -->
                      </span>
                      <br/>
                      <span>
                        <img width="3%" src="failed.png"/>
                        <a href="#" class="method navigator-link" panel-name="suite-Hub_spot_Test_automtion_regression_suite" title="com.qa.hubspot.tests.ContactsPageTest" hash-for-method="createNewContactTest(sagar@gmail.com, Sagar, LN, SDET2)">createNewContactTest(sagar@gmail.com, Sagar, LN, SDET2)</a> <!-- method navigator-link -->
                      </span>
                      <br/>
                      <span>
                        <img width="3%" src="failed.png"/>
                        <a href="#" class="method navigator-link" panel-name="suite-Hub_spot_Test_automtion_regression_suite" title="com.qa.hubspot.tests.ContactsPageTest" hash-for-method="createNewContactTest(sheena@gmail.com, Sheena, Shoby, SDET1)">createNewContactTest(sheena@gmail.com, Sheena, Shoby, SDET1)</a> <!-- method navigator-link -->
                      </span>
                      <br/>
                      <span>
                        <img width="3%" src="failed.png"/>
                        <a href="#" class="method navigator-link" panel-name="suite-Hub_spot_Test_automtion_regression_suite" title="com.qa.hubspot.tests.ContactsPageTest" hash-for-method="createNewContactTest(tom@gmail.com, tom, peter, Director)">createNewContactTest(tom@gmail.com, tom, peter, Director)</a> <!-- method navigator-link -->
                      </span>
                      <br/>
                      <span>
                        <img width="3%" src="failed.png"/>
                        <a href="#" class="method navigator-link" panel-name="suite-Hub_spot_Test_automtion_regression_suite" title="com.qa.hubspot.tests.HomePageTest" hash-for-method="verifyLoggedInUserTest">verifyLoggedInUserTest</a> <!-- method navigator-link -->
                      </span>
                      <br/>
                      <span>
                        <img width="3%" src="failed.png"/>
                        <a href="#" class="method navigator-link" panel-name="suite-Hub_spot_Test_automtion_regression_suite" title="com.qa.hubspot.tests.HomePageTest" hash-for-method="verifyLoggedInUserTest">verifyLoggedInUserTest</a> <!-- method navigator-link -->
                      </span>
                      <br/>
                    </div> <!-- method-list-content failed suite-Hub_spot_Test_automtion_regression_suite -->
                  </li>
                  <li>
                    <span class="method-list-title passed">Passed methods</span>
                    <span class="show-or-hide-methods passed">
                      <a href="#" panel-name="suite-Hub_spot_Test_automtion_regression_suite" class="hide-methods passed suite-Hub_spot_Test_automtion_regression_suite"> (hide)</a> <!-- hide-methods passed suite-Hub_spot_Test_automtion_regression_suite -->
                      <a href="#" panel-name="suite-Hub_spot_Test_automtion_regression_suite" class="show-methods passed suite-Hub_spot_Test_automtion_regression_suite"> (show)</a> <!-- show-methods passed suite-Hub_spot_Test_automtion_regression_suite -->
                    </span>
                    <div class="method-list-content passed suite-Hub_spot_Test_automtion_regression_suite">
                      <span>
                        <img width="3%" src="passed.png"/>
                        <a href="#" class="method navigator-link" panel-name="suite-Hub_spot_Test_automtion_regression_suite" title="com.qa.hubspot.tests.LoginPageTest" hash-for-method="loginTest">loginTest</a> <!-- method navigator-link -->
                      </span>
                      <br/>
                      <span>
                        <img width="3%" src="passed.png"/>
                        <a href="#" class="method navigator-link" panel-name="suite-Hub_spot_Test_automtion_regression_suite" title="com.qa.hubspot.tests.LoginPageTest" hash-for-method="loginTest">loginTest</a> <!-- method navigator-link -->
                      </span>
                      <br/>
                      <span>
                        <img width="3%" src="passed.png"/>
                        <a href="#" class="method navigator-link" panel-name="suite-Hub_spot_Test_automtion_regression_suite" title="com.qa.hubspot.tests.ContactsPageTest" hash-for-method="verifyContactsPageTitleTest">verifyContactsPageTitleTest</a> <!-- method navigator-link -->
                      </span>
                      <br/>
                      <span>
                        <img width="3%" src="passed.png"/>
                        <a href="#" class="method navigator-link" panel-name="suite-Hub_spot_Test_automtion_regression_suite" title="com.qa.hubspot.tests.ContactsPageTest" hash-for-method="verifyContactsPageTitleTest">verifyContactsPageTitleTest</a> <!-- method navigator-link -->
                      </span>
                      <br/>
                      <span>
                        <img width="3%" src="passed.png"/>
                        <a href="#" class="method navigator-link" panel-name="suite-Hub_spot_Test_automtion_regression_suite" title="com.qa.hubspot.tests.HomePageTest" hash-for-method="verifyHomePageHeaderTest">verifyHomePageHeaderTest</a> <!-- method navigator-link -->
                      </span>
                      <br/>
                      <span>
                        <img width="3%" src="passed.png"/>
                        <a href="#" class="method navigator-link" panel-name="suite-Hub_spot_Test_automtion_regression_suite" title="com.qa.hubspot.tests.HomePageTest" hash-for-method="verifyHomePageHeaderTest">verifyHomePageHeaderTest</a> <!-- method navigator-link -->
                      </span>
                      <br/>
                      <span>
                        <img width="3%" src="passed.png"/>
                        <a href="#" class="method navigator-link" panel-name="suite-Hub_spot_Test_automtion_regression_suite" title="com.qa.hubspot.tests.HomePageTest" hash-for-method="verifyHomePageTitleTest">verifyHomePageTitleTest</a> <!-- method navigator-link -->
                      </span>
                      <br/>
                      <span>
                        <img width="3%" src="passed.png"/>
                        <a href="#" class="method navigator-link" panel-name="suite-Hub_spot_Test_automtion_regression_suite" title="com.qa.hubspot.tests.HomePageTest" hash-for-method="verifyHomePageTitleTest">verifyHomePageTitleTest</a> <!-- method navigator-link -->
                      </span>
                      <br/>
                      <span>
                        <img width="3%" src="passed.png"/>
                        <a href="#" class="method navigator-link" panel-name="suite-Hub_spot_Test_automtion_regression_suite" title="com.qa.hubspot.tests.LoginPageTest" hash-for-method="verifyLoginPageTitleTest">verifyLoginPageTitleTest</a> <!-- method navigator-link -->
                      </span>
                      <br/>
                      <span>
                        <img width="3%" src="passed.png"/>
                        <a href="#" class="method navigator-link" panel-name="suite-Hub_spot_Test_automtion_regression_suite" title="com.qa.hubspot.tests.LoginPageTest" hash-for-method="verifyLoginPageTitleTest">verifyLoginPageTitleTest</a> <!-- method navigator-link -->
                      </span>
                      <br/>
                      <span>
                        <img width="3%" src="passed.png"/>
                        <a href="#" class="method navigator-link" panel-name="suite-Hub_spot_Test_automtion_regression_suite" title="com.qa.hubspot.tests.LoginPageTest" hash-for-method="verifySignUpLinkTest">verifySignUpLinkTest</a> <!-- method navigator-link -->
                      </span>
                      <br/>
                      <span>
                        <img width="3%" src="passed.png"/>
                        <a href="#" class="method navigator-link" panel-name="suite-Hub_spot_Test_automtion_regression_suite" title="com.qa.hubspot.tests.LoginPageTest" hash-for-method="verifySignUpLinkTest">verifySignUpLinkTest</a> <!-- method navigator-link -->
                      </span>
                      <br/>
                    </div> <!-- method-list-content passed suite-Hub_spot_Test_automtion_regression_suite -->
                  </li>
                </ul>
              </div> <!-- suite-section-content -->
            </div> <!-- result-section -->
          </div> <!-- navigator-suite-content -->
        </div> <!-- rounded-window -->
      </div> <!-- suite -->
    </div> <!-- navigator-root -->
    <div class="wrapper">
      <div class="main-panel-root">
        <div panel-name="suite-Hub_spot_Test_automtion_regression_suite" class="panel Hub_spot_Test_automtion_regression_suite">
          <div class="suite-Hub_spot_Test_automtion_regression_suite-class-failed">
            <div class="main-panel-header rounded-window-top">
              <img src="failed.png"/>
              <span class="class-name">com.qa.hubspot.tests.ContactsPageTest</span>
            </div> <!-- main-panel-header rounded-window-top -->
            <div class="main-panel-content rounded-window-bottom">
              <div class="method">
                <div class="method-content">
                  <a name="createNewContactTest(sagar@gmail.com, Sagar, LN, SDET2)">
                  </a> <!-- createNewContactTest(sagar@gmail.com, Sagar, LN, SDET2) -->
                  <span class="method-name">createNewContactTest</span>
                  <span class="parameters">(sagar@gmail.com, Sagar, LN, SDET2)</span>
                  <div class="stack-trace">org.openqa.selenium.ElementClickInterceptedException: element click intercepted: Element &lt;span&gt;...&lt;/span&gt; is not clickable at point (1224, 163). Other element would receive the click: &lt;input aria-labelledby=&quot;UIFormControl-label-32&quot; id=&quot;UIFormControl-31&quot; data-field=&quot;email&quot; data-selenium-test=&quot;property-input-email&quot; type=&quot;text&quot; name=&quot;textInput&quot; class=&quot;form-control private-form__control&quot; value=&quot;sheena@gmail.com&quot;&gt;
  (Session info: chrome=84.0.4147.89)
Build info: version: &apos;3.141.59&apos;, revision: &apos;e82be7d358&apos;, time: &apos;2018-11-14T08:17:03&apos;
System info: host: &apos;LAPTOP-9738CE5M&apos;, ip: &apos;172.26.192.1&apos;, os.name: &apos;Windows 10&apos;, os.arch: &apos;amd64&apos;, os.version: &apos;10.0&apos;, java.version: &apos;1.8.0_181&apos;
Driver info: org.openqa.selenium.remote.RemoteWebDriver
Capabilities {acceptInsecureCerts: false, browserName: chrome, browserVersion: 84.0.4147.89, chrome: {chromedriverVersion: 84.0.4147.30 (48b3e868b4cc0..., userDataDir: /tmp/.com.google.Chrome.5TgK4M}, goog:chromeOptions: {debuggerAddress: localhost:46221}, javascriptEnabled: true, networkConnectionEnabled: false, pageLoadStrategy: normal, platform: LINUX, platformName: LINUX, proxy: Proxy(), setWindowRect: true, strictFileInteractability: false, timeouts: {implicit: 0, pageLoad: 300000, script: 30000}, unhandledPromptBehavior: dismiss and notify, webauthn:virtualAuthenticators: true, webdriver.remote.sessionid: 09918b0b2abf42342c21af65b8a...}
Session ID: 09918b0b2abf42342c21af65b8a1f65d
	at org.openqa.selenium.remote.http.W3CHttpResponseCodec.createException(W3CHttpResponseCodec.java:187)
	at org.openqa.selenium.remote.http.W3CHttpResponseCodec.decode(W3CHttpResponseCodec.java:122)
	at org.openqa.selenium.remote.http.W3CHttpResponseCodec.decode(W3CHttpResponseCodec.java:49)
	at org.openqa.selenium.remote.HttpCommandExecutor.execute(HttpCommandExecutor.java:158)
	at org.openqa.selenium.remote.RemoteWebDriver.execute(RemoteWebDriver.java:552)
	at org.openqa.selenium.remote.RemoteWebElement.execute(RemoteWebElement.java:285)
	at org.openqa.selenium.remote.RemoteWebElement.click(RemoteWebElement.java:84)
	at com.qa.hubspot.utils.ElementUtil.clickWhenReady(ElementUtil.java:166)
	at com.qa.hubspot.pages.ContactsPage.createContact(ContactsPage.java:39)
	at com.qa.hubspot.tests.ContactsPageTest.createNewContactTest(ContactsPageTest.java:45)
	at java.util.concurrent.FutureTask.run(FutureTask.java:266)
	at java.util.concurrent.ThreadPoolExecutor.runWorker(ThreadPoolExecutor.java:1149)
	at java.util.concurrent.ThreadPoolExecutor$Worker.run(ThreadPoolExecutor.java:624)
	at java.lang.Thread.run(Thread.java:748)
... Removed 20 stack frames
</div> <!-- stack-trace -->
                </div> <!-- method-content -->
              </div> <!-- method -->
              <div class="method">
                <div class="method-content">
                  <a name="createNewContactTest(tom@gmail.com, tom, peter, Director)">
                  </a> <!-- createNewContactTest(tom@gmail.com, tom, peter, Director) -->
                  <span class="method-name">createNewContactTest</span>
                  <span class="parameters">(tom@gmail.com, tom, peter, Director)</span>
                  <div class="stack-trace">org.openqa.selenium.ElementClickInterceptedException: element click intercepted: Element &lt;span&gt;...&lt;/span&gt; is not clickable at point (1224, 163). Other element would receive the click: &lt;input aria-labelledby=&quot;UIFormControl-label-32&quot; id=&quot;UIFormControl-31&quot; data-field=&quot;email&quot; data-selenium-test=&quot;property-input-email&quot; type=&quot;text&quot; name=&quot;textInput&quot; class=&quot;form-control private-form__control&quot; value=&quot;sheena@gmail.com&quot;&gt;
  (Session info: chrome=84.0.4147.89)
Build info: version: &apos;3.141.59&apos;, revision: &apos;e82be7d358&apos;, time: &apos;2018-11-14T08:17:03&apos;
System info: host: &apos;LAPTOP-9738CE5M&apos;, ip: &apos;172.26.192.1&apos;, os.name: &apos;Windows 10&apos;, os.arch: &apos;amd64&apos;, os.version: &apos;10.0&apos;, java.version: &apos;1.8.0_181&apos;
Driver info: org.openqa.selenium.remote.RemoteWebDriver
Capabilities {acceptInsecureCerts: false, browserName: chrome, browserVersion: 84.0.4147.89, chrome: {chromedriverVersion: 84.0.4147.30 (48b3e868b4cc0..., userDataDir: /tmp/.com.google.Chrome.5TgK4M}, goog:chromeOptions: {debuggerAddress: localhost:46221}, javascriptEnabled: true, networkConnectionEnabled: false, pageLoadStrategy: normal, platform: LINUX, platformName: LINUX, proxy: Proxy(), setWindowRect: true, strictFileInteractability: false, timeouts: {implicit: 0, pageLoad: 300000, script: 30000}, unhandledPromptBehavior: dismiss and notify, webauthn:virtualAuthenticators: true, webdriver.remote.sessionid: 09918b0b2abf42342c21af65b8a...}
Session ID: 09918b0b2abf42342c21af65b8a1f65d
	at org.openqa.selenium.remote.http.W3CHttpResponseCodec.createException(W3CHttpResponseCodec.java:187)
	at org.openqa.selenium.remote.http.W3CHttpResponseCodec.decode(W3CHttpResponseCodec.java:122)
	at org.openqa.selenium.remote.http.W3CHttpResponseCodec.decode(W3CHttpResponseCodec.java:49)
	at org.openqa.selenium.remote.HttpCommandExecutor.execute(HttpCommandExecutor.java:158)
	at org.openqa.selenium.remote.RemoteWebDriver.execute(RemoteWebDriver.java:552)
	at org.openqa.selenium.remote.RemoteWebElement.execute(RemoteWebElement.java:285)
	at org.openqa.selenium.remote.RemoteWebElement.click(RemoteWebElement.java:84)
	at com.qa.hubspot.utils.ElementUtil.clickWhenReady(ElementUtil.java:166)
	at com.qa.hubspot.pages.ContactsPage.createContact(ContactsPage.java:39)
	at com.qa.hubspot.tests.ContactsPageTest.createNewContactTest(ContactsPageTest.java:45)
	at java.util.concurrent.FutureTask.run(FutureTask.java:266)
	at java.util.concurrent.ThreadPoolExecutor.runWorker(ThreadPoolExecutor.java:1149)
	at java.util.concurrent.ThreadPoolExecutor$Worker.run(ThreadPoolExecutor.java:624)
	at java.lang.Thread.run(Thread.java:748)
... Removed 20 stack frames
</div> <!-- stack-trace -->
                </div> <!-- method-content -->
              </div> <!-- method -->
              <div class="method">
                <div class="method-content">
                  <a name="createNewContactTest(sheena@gmail.com, Sheena, Shoby, SDET1)">
                  </a> <!-- createNewContactTest(sheena@gmail.com, Sheena, Shoby, SDET1) -->
                  <span class="method-name">createNewContactTest</span>
                  <span class="parameters">(sheena@gmail.com, Sheena, Shoby, SDET1)</span>
                  <div class="stack-trace">org.openqa.selenium.TimeoutException: Expected condition failed: waiting for element to be clickable: By.xpath: (//*[text()=&apos;Contacts&apos;])[position()=1] (tried for 10 second(s) with 500 milliseconds interval)
Build info: version: &apos;3.141.59&apos;, revision: &apos;e82be7d358&apos;, time: &apos;2018-11-14T08:17:03&apos;
System info: host: &apos;LAPTOP-9738CE5M&apos;, ip: &apos;172.26.192.1&apos;, os.name: &apos;Windows 10&apos;, os.arch: &apos;amd64&apos;, os.version: &apos;10.0&apos;, java.version: &apos;1.8.0_181&apos;
Driver info: org.openqa.selenium.remote.RemoteWebDriver
Capabilities {acceptInsecureCerts: false, browserName: chrome, browserVersion: 84.0.4147.89, chrome: {chromedriverVersion: 84.0.4147.30 (48b3e868b4cc0..., userDataDir: /tmp/.com.google.Chrome.5TgK4M}, goog:chromeOptions: {debuggerAddress: localhost:46221}, javascriptEnabled: true, networkConnectionEnabled: false, pageLoadStrategy: normal, platform: LINUX, platformName: LINUX, proxy: Proxy(), setWindowRect: true, strictFileInteractability: false, timeouts: {implicit: 0, pageLoad: 300000, script: 30000}, unhandledPromptBehavior: dismiss and notify, webauthn:virtualAuthenticators: true, webdriver.remote.sessionid: 09918b0b2abf42342c21af65b8a...}
Session ID: 09918b0b2abf42342c21af65b8a1f65d
	at org.openqa.selenium.support.ui.WebDriverWait.timeoutException(WebDriverWait.java:95)
	at org.openqa.selenium.support.ui.FluentWait.until(FluentWait.java:272)
	at com.qa.hubspot.utils.ElementUtil.clickWhenReady(ElementUtil.java:165)
	at com.qa.hubspot.pages.ContactsPage.createContact(ContactsPage.java:52)
	at com.qa.hubspot.tests.ContactsPageTest.createNewContactTest(ContactsPageTest.java:45)
	at java.util.concurrent.FutureTask.run(FutureTask.java:266)
	at java.util.concurrent.ThreadPoolExecutor.runWorker(ThreadPoolExecutor.java:1149)
	at java.util.concurrent.ThreadPoolExecutor$Worker.run(ThreadPoolExecutor.java:624)
	at java.lang.Thread.run(Thread.java:748)
... Removed 16 stack frames
</div> <!-- stack-trace -->
                </div> <!-- method-content -->
              </div> <!-- method -->
              <div class="method">
                <div class="method-content">
                  <a name="createNewContactTest(kan@gmail.com, Kan, Oberoi, QA Manager)">
                  </a> <!-- createNewContactTest(kan@gmail.com, Kan, Oberoi, QA Manager) -->
                  <span class="method-name">createNewContactTest</span>
                  <span class="parameters">(kan@gmail.com, Kan, Oberoi, QA Manager)</span>
                  <div class="stack-trace">org.openqa.selenium.ElementClickInterceptedException: element click intercepted: Element &lt;span&gt;...&lt;/span&gt; is not clickable at point (1224, 163). Other element would receive the click: &lt;input aria-labelledby=&quot;UIFormControl-label-32&quot; id=&quot;UIFormControl-31&quot; data-field=&quot;email&quot; data-selenium-test=&quot;property-input-email&quot; type=&quot;text&quot; name=&quot;textInput&quot; class=&quot;form-control private-form__control&quot; value=&quot;sheena@gmail.com&quot;&gt;
  (Session info: chrome=84.0.4147.89)
Build info: version: &apos;3.141.59&apos;, revision: &apos;e82be7d358&apos;, time: &apos;2018-11-14T08:17:03&apos;
System info: host: &apos;LAPTOP-9738CE5M&apos;, ip: &apos;172.26.192.1&apos;, os.name: &apos;Windows 10&apos;, os.arch: &apos;amd64&apos;, os.version: &apos;10.0&apos;, java.version: &apos;1.8.0_181&apos;
Driver info: org.openqa.selenium.remote.RemoteWebDriver
Capabilities {acceptInsecureCerts: false, browserName: chrome, browserVersion: 84.0.4147.89, chrome: {chromedriverVersion: 84.0.4147.30 (48b3e868b4cc0..., userDataDir: /tmp/.com.google.Chrome.5TgK4M}, goog:chromeOptions: {debuggerAddress: localhost:46221}, javascriptEnabled: true, networkConnectionEnabled: false, pageLoadStrategy: normal, platform: LINUX, platformName: LINUX, proxy: Proxy(), setWindowRect: true, strictFileInteractability: false, timeouts: {implicit: 0, pageLoad: 300000, script: 30000}, unhandledPromptBehavior: dismiss and notify, webauthn:virtualAuthenticators: true, webdriver.remote.sessionid: 09918b0b2abf42342c21af65b8a...}
Session ID: 09918b0b2abf42342c21af65b8a1f65d
	at org.openqa.selenium.remote.http.W3CHttpResponseCodec.createException(W3CHttpResponseCodec.java:187)
	at org.openqa.selenium.remote.http.W3CHttpResponseCodec.decode(W3CHttpResponseCodec.java:122)
	at org.openqa.selenium.remote.http.W3CHttpResponseCodec.decode(W3CHttpResponseCodec.java:49)
	at org.openqa.selenium.remote.HttpCommandExecutor.execute(HttpCommandExecutor.java:158)
	at org.openqa.selenium.remote.RemoteWebDriver.execute(RemoteWebDriver.java:552)
	at org.openqa.selenium.remote.RemoteWebElement.execute(RemoteWebElement.java:285)
	at org.openqa.selenium.remote.RemoteWebElement.click(RemoteWebElement.java:84)
	at com.qa.hubspot.utils.ElementUtil.clickWhenReady(ElementUtil.java:166)
	at com.qa.hubspot.pages.ContactsPage.createContact(ContactsPage.java:39)
	at com.qa.hubspot.tests.ContactsPageTest.createNewContactTest(ContactsPageTest.java:45)
	at java.util.concurrent.FutureTask.run(FutureTask.java:266)
	at java.util.concurrent.ThreadPoolExecutor.runWorker(ThreadPoolExecutor.java:1149)
	at java.util.concurrent.ThreadPoolExecutor$Worker.run(ThreadPoolExecutor.java:624)
	at java.lang.Thread.run(Thread.java:748)
... Removed 20 stack frames
</div> <!-- stack-trace -->
                </div> <!-- method-content -->
              </div> <!-- method -->
              <div class="method">
                <div class="method-content">
                  <a name="createNewContactTest(kan@gmail.com, Kan, Oberoi, QA Manager)">
                  </a> <!-- createNewContactTest(kan@gmail.com, Kan, Oberoi, QA Manager) -->
                  <span class="method-name">createNewContactTest</span>
                  <span class="parameters">(kan@gmail.com, Kan, Oberoi, QA Manager)</span>
                  <div class="stack-trace">org.openqa.selenium.ElementClickInterceptedException: Element &lt;span&gt; is not clickable at point (1227,165) because another element &lt;input id=&quot;UIFormControl-31&quot; class=&quot;form-control private-form__control&quot; name=&quot;textInput&quot; type=&quot;text&quot;&gt; obscures it
Build info: version: &apos;3.141.59&apos;, revision: &apos;e82be7d358&apos;, time: &apos;2018-11-14T08:17:03&apos;
System info: host: &apos;LAPTOP-9738CE5M&apos;, ip: &apos;172.26.192.1&apos;, os.name: &apos;Windows 10&apos;, os.arch: &apos;amd64&apos;, os.version: &apos;10.0&apos;, java.version: &apos;1.8.0_181&apos;
Driver info: org.openqa.selenium.remote.RemoteWebDriver
Capabilities {acceptInsecureCerts: true, browserName: firefox, browserVersion: 78.0.2, javascriptEnabled: true, moz:accessibilityChecks: false, moz:buildID: 20200708170202, moz:geckodriverVersion: 0.26.0, moz:headless: false, moz:processID: 2702, moz:profile: /tmp/rust_mozprofileuue0lb, moz:shutdownTimeout: 60000, moz:useNonSpecCompliantPointerOrigin: false, moz:webdriverClick: true, pageLoadStrategy: normal, platform: LINUX, platformName: LINUX, platformVersion: 4.19.104-microsoft-standard, rotatable: false, setWindowRect: true, strictFileInteractability: false, timeouts: {implicit: 0, pageLoad: 300000, script: 30000}, unhandledPromptBehavior: dismiss and notify, webdriver.remote.sessionid: 500b3af1-a5cb-414a-b9d7-a1d...}
Session ID: 500b3af1-a5cb-414a-b9d7-a1d075ede560
	at org.openqa.selenium.remote.http.W3CHttpResponseCodec.createException(W3CHttpResponseCodec.java:187)
	at org.openqa.selenium.remote.http.W3CHttpResponseCodec.decode(W3CHttpResponseCodec.java:122)
	at org.openqa.selenium.remote.http.W3CHttpResponseCodec.decode(W3CHttpResponseCodec.java:49)
	at org.openqa.selenium.remote.HttpCommandExecutor.execute(HttpCommandExecutor.java:158)
	at org.openqa.selenium.remote.RemoteWebDriver.execute(RemoteWebDriver.java:552)
	at org.openqa.selenium.remote.RemoteWebElement.execute(RemoteWebElement.java:285)
	at org.openqa.selenium.remote.RemoteWebElement.click(RemoteWebElement.java:84)
	at com.qa.hubspot.utils.ElementUtil.clickWhenReady(ElementUtil.java:166)
	at com.qa.hubspot.pages.ContactsPage.createContact(ContactsPage.java:39)
	at com.qa.hubspot.tests.ContactsPageTest.createNewContactTest(ContactsPageTest.java:45)
	at java.util.concurrent.FutureTask.run(FutureTask.java:266)
	at java.util.concurrent.ThreadPoolExecutor.runWorker(ThreadPoolExecutor.java:1149)
	at java.util.concurrent.ThreadPoolExecutor$Worker.run(ThreadPoolExecutor.java:624)
	at java.lang.Thread.run(Thread.java:748)
... Removed 20 stack frames
</div> <!-- stack-trace -->
                </div> <!-- method-content -->
              </div> <!-- method -->
              <div class="method">
                <div class="method-content">
                  <a name="createNewContactTest(sagar@gmail.com, Sagar, LN, SDET2)">
                  </a> <!-- createNewContactTest(sagar@gmail.com, Sagar, LN, SDET2) -->
                  <span class="method-name">createNewContactTest</span>
                  <span class="parameters">(sagar@gmail.com, Sagar, LN, SDET2)</span>
                  <div class="stack-trace">org.openqa.selenium.ElementClickInterceptedException: Element &lt;span&gt; is not clickable at point (1227,165) because another element &lt;input id=&quot;UIFormControl-31&quot; class=&quot;form-control private-form__control&quot; name=&quot;textInput&quot; type=&quot;text&quot;&gt; obscures it
Build info: version: &apos;3.141.59&apos;, revision: &apos;e82be7d358&apos;, time: &apos;2018-11-14T08:17:03&apos;
System info: host: &apos;LAPTOP-9738CE5M&apos;, ip: &apos;172.26.192.1&apos;, os.name: &apos;Windows 10&apos;, os.arch: &apos;amd64&apos;, os.version: &apos;10.0&apos;, java.version: &apos;1.8.0_181&apos;
Driver info: org.openqa.selenium.remote.RemoteWebDriver
Capabilities {acceptInsecureCerts: true, browserName: firefox, browserVersion: 78.0.2, javascriptEnabled: true, moz:accessibilityChecks: false, moz:buildID: 20200708170202, moz:geckodriverVersion: 0.26.0, moz:headless: false, moz:processID: 2702, moz:profile: /tmp/rust_mozprofileuue0lb, moz:shutdownTimeout: 60000, moz:useNonSpecCompliantPointerOrigin: false, moz:webdriverClick: true, pageLoadStrategy: normal, platform: LINUX, platformName: LINUX, platformVersion: 4.19.104-microsoft-standard, rotatable: false, setWindowRect: true, strictFileInteractability: false, timeouts: {implicit: 0, pageLoad: 300000, script: 30000}, unhandledPromptBehavior: dismiss and notify, webdriver.remote.sessionid: 500b3af1-a5cb-414a-b9d7-a1d...}
Session ID: 500b3af1-a5cb-414a-b9d7-a1d075ede560
	at org.openqa.selenium.remote.http.W3CHttpResponseCodec.createException(W3CHttpResponseCodec.java:187)
	at org.openqa.selenium.remote.http.W3CHttpResponseCodec.decode(W3CHttpResponseCodec.java:122)
	at org.openqa.selenium.remote.http.W3CHttpResponseCodec.decode(W3CHttpResponseCodec.java:49)
	at org.openqa.selenium.remote.HttpCommandExecutor.execute(HttpCommandExecutor.java:158)
	at org.openqa.selenium.remote.RemoteWebDriver.execute(RemoteWebDriver.java:552)
	at org.openqa.selenium.remote.RemoteWebElement.execute(RemoteWebElement.java:285)
	at org.openqa.selenium.remote.RemoteWebElement.click(RemoteWebElement.java:84)
	at com.qa.hubspot.utils.ElementUtil.clickWhenReady(ElementUtil.java:166)
	at com.qa.hubspot.pages.ContactsPage.createContact(ContactsPage.java:39)
	at com.qa.hubspot.tests.ContactsPageTest.createNewContactTest(ContactsPageTest.java:45)
	at java.util.concurrent.FutureTask.run(FutureTask.java:266)
	at java.util.concurrent.ThreadPoolExecutor.runWorker(ThreadPoolExecutor.java:1149)
	at java.util.concurrent.ThreadPoolExecutor$Worker.run(ThreadPoolExecutor.java:624)
	at java.lang.Thread.run(Thread.java:748)
... Removed 20 stack frames
</div> <!-- stack-trace -->
                </div> <!-- method-content -->
              </div> <!-- method -->
              <div class="method">
                <div class="method-content">
                  <a name="createNewContactTest(sheena@gmail.com, Sheena, Shoby, SDET1)">
                  </a> <!-- createNewContactTest(sheena@gmail.com, Sheena, Shoby, SDET1) -->
                  <span class="method-name">createNewContactTest</span>
                  <span class="parameters">(sheena@gmail.com, Sheena, Shoby, SDET1)</span>
                  <div class="stack-trace">org.openqa.selenium.TimeoutException: Expected condition failed: waiting for element to be clickable: By.xpath: (//*[text()=&apos;Contacts&apos;])[position()=1] (tried for 10 second(s) with 500 milliseconds interval)
Build info: version: &apos;3.141.59&apos;, revision: &apos;e82be7d358&apos;, time: &apos;2018-11-14T08:17:03&apos;
System info: host: &apos;LAPTOP-9738CE5M&apos;, ip: &apos;172.26.192.1&apos;, os.name: &apos;Windows 10&apos;, os.arch: &apos;amd64&apos;, os.version: &apos;10.0&apos;, java.version: &apos;1.8.0_181&apos;
Driver info: org.openqa.selenium.remote.RemoteWebDriver
Capabilities {acceptInsecureCerts: true, browserName: firefox, browserVersion: 78.0.2, javascriptEnabled: true, moz:accessibilityChecks: false, moz:buildID: 20200708170202, moz:geckodriverVersion: 0.26.0, moz:headless: false, moz:processID: 2702, moz:profile: /tmp/rust_mozprofileuue0lb, moz:shutdownTimeout: 60000, moz:useNonSpecCompliantPointerOrigin: false, moz:webdriverClick: true, pageLoadStrategy: normal, platform: LINUX, platformName: LINUX, platformVersion: 4.19.104-microsoft-standard, rotatable: false, setWindowRect: true, strictFileInteractability: false, timeouts: {implicit: 0, pageLoad: 300000, script: 30000}, unhandledPromptBehavior: dismiss and notify, webdriver.remote.sessionid: 500b3af1-a5cb-414a-b9d7-a1d...}
Session ID: 500b3af1-a5cb-414a-b9d7-a1d075ede560
	at org.openqa.selenium.support.ui.WebDriverWait.timeoutException(WebDriverWait.java:95)
	at org.openqa.selenium.support.ui.FluentWait.until(FluentWait.java:272)
	at com.qa.hubspot.utils.ElementUtil.clickWhenReady(ElementUtil.java:165)
	at com.qa.hubspot.pages.ContactsPage.createContact(ContactsPage.java:52)
	at com.qa.hubspot.tests.ContactsPageTest.createNewContactTest(ContactsPageTest.java:45)
	at java.util.concurrent.FutureTask.run(FutureTask.java:266)
	at java.util.concurrent.ThreadPoolExecutor.runWorker(ThreadPoolExecutor.java:1149)
	at java.util.concurrent.ThreadPoolExecutor$Worker.run(ThreadPoolExecutor.java:624)
	at java.lang.Thread.run(Thread.java:748)
... Removed 16 stack frames
</div> <!-- stack-trace -->
                </div> <!-- method-content -->
              </div> <!-- method -->
              <div class="method">
                <div class="method-content">
                  <a name="createNewContactTest(tom@gmail.com, tom, peter, Director)">
                  </a> <!-- createNewContactTest(tom@gmail.com, tom, peter, Director) -->
                  <span class="method-name">createNewContactTest</span>
                  <span class="parameters">(tom@gmail.com, tom, peter, Director)</span>
                  <div class="stack-trace">org.openqa.selenium.ElementClickInterceptedException: Element &lt;span&gt; is not clickable at point (1227,165) because another element &lt;input id=&quot;UIFormControl-31&quot; class=&quot;form-control private-form__control&quot; name=&quot;textInput&quot; type=&quot;text&quot;&gt; obscures it
Build info: version: &apos;3.141.59&apos;, revision: &apos;e82be7d358&apos;, time: &apos;2018-11-14T08:17:03&apos;
System info: host: &apos;LAPTOP-9738CE5M&apos;, ip: &apos;172.26.192.1&apos;, os.name: &apos;Windows 10&apos;, os.arch: &apos;amd64&apos;, os.version: &apos;10.0&apos;, java.version: &apos;1.8.0_181&apos;
Driver info: org.openqa.selenium.remote.RemoteWebDriver
Capabilities {acceptInsecureCerts: true, browserName: firefox, browserVersion: 78.0.2, javascriptEnabled: true, moz:accessibilityChecks: false, moz:buildID: 20200708170202, moz:geckodriverVersion: 0.26.0, moz:headless: false, moz:processID: 2702, moz:profile: /tmp/rust_mozprofileuue0lb, moz:shutdownTimeout: 60000, moz:useNonSpecCompliantPointerOrigin: false, moz:webdriverClick: true, pageLoadStrategy: normal, platform: LINUX, platformName: LINUX, platformVersion: 4.19.104-microsoft-standard, rotatable: false, setWindowRect: true, strictFileInteractability: false, timeouts: {implicit: 0, pageLoad: 300000, script: 30000}, unhandledPromptBehavior: dismiss and notify, webdriver.remote.sessionid: 500b3af1-a5cb-414a-b9d7-a1d...}
Session ID: 500b3af1-a5cb-414a-b9d7-a1d075ede560
	at org.openqa.selenium.remote.http.W3CHttpResponseCodec.createException(W3CHttpResponseCodec.java:187)
	at org.openqa.selenium.remote.http.W3CHttpResponseCodec.decode(W3CHttpResponseCodec.java:122)
	at org.openqa.selenium.remote.http.W3CHttpResponseCodec.decode(W3CHttpResponseCodec.java:49)
	at org.openqa.selenium.remote.HttpCommandExecutor.execute(HttpCommandExecutor.java:158)
	at org.openqa.selenium.remote.RemoteWebDriver.execute(RemoteWebDriver.java:552)
	at org.openqa.selenium.remote.RemoteWebElement.execute(RemoteWebElement.java:285)
	at org.openqa.selenium.remote.RemoteWebElement.click(RemoteWebElement.java:84)
	at com.qa.hubspot.utils.ElementUtil.clickWhenReady(ElementUtil.java:166)
	at com.qa.hubspot.pages.ContactsPage.createContact(ContactsPage.java:39)
	at com.qa.hubspot.tests.ContactsPageTest.createNewContactTest(ContactsPageTest.java:45)
	at java.util.concurrent.FutureTask.run(FutureTask.java:266)
	at java.util.concurrent.ThreadPoolExecutor.runWorker(ThreadPoolExecutor.java:1149)
	at java.util.concurrent.ThreadPoolExecutor$Worker.run(ThreadPoolExecutor.java:624)
	at java.lang.Thread.run(Thread.java:748)
... Removed 20 stack frames
</div> <!-- stack-trace -->
                </div> <!-- method-content -->
              </div> <!-- method -->
            </div> <!-- main-panel-content rounded-window-bottom -->
          </div> <!-- suite-Hub_spot_Test_automtion_regression_suite-class-failed -->
          <div class="suite-Hub_spot_Test_automtion_regression_suite-class-failed">
            <div class="main-panel-header rounded-window-top">
              <img src="failed.png"/>
              <span class="class-name">com.qa.hubspot.tests.HomePageTest</span>
            </div> <!-- main-panel-header rounded-window-top -->
            <div class="main-panel-content rounded-window-bottom">
              <div class="method">
                <div class="method-content">
                  <a name="verifyLoggedInUserTest">
                  </a> <!-- verifyLoggedInUserTest -->
                  <span class="method-name">verifyLoggedInUserTest</span>
                  <div class="stack-trace">java.lang.AssertionError: expected [Proserv Sales Consultants] but found [null]
	at com.qa.hubspot.tests.HomePageTest.verifyLoggedInUserTest(HomePageTest.java:52)
	at java.util.concurrent.FutureTask.run(FutureTask.java:266)
	at java.util.concurrent.ThreadPoolExecutor.runWorker(ThreadPoolExecutor.java:1149)
	at java.util.concurrent.ThreadPoolExecutor$Worker.run(ThreadPoolExecutor.java:624)
	at java.lang.Thread.run(Thread.java:748)
... Removed 22 stack frames
</div> <!-- stack-trace -->
                </div> <!-- method-content -->
              </div> <!-- method -->
              <div class="method">
                <div class="method-content">
                  <a name="verifyLoggedInUserTest">
                  </a> <!-- verifyLoggedInUserTest -->
                  <span class="method-name">verifyLoggedInUserTest</span>
                  <div class="stack-trace">java.lang.AssertionError: expected [Proserv Sales Consultants] but found [null]
	at com.qa.hubspot.tests.HomePageTest.verifyLoggedInUserTest(HomePageTest.java:52)
	at java.util.concurrent.FutureTask.run(FutureTask.java:266)
	at java.util.concurrent.ThreadPoolExecutor.runWorker(ThreadPoolExecutor.java:1149)
	at java.util.concurrent.ThreadPoolExecutor$Worker.run(ThreadPoolExecutor.java:624)
	at java.lang.Thread.run(Thread.java:748)
... Removed 22 stack frames
</div> <!-- stack-trace -->
                </div> <!-- method-content -->
              </div> <!-- method -->
            </div> <!-- main-panel-content rounded-window-bottom -->
          </div> <!-- suite-Hub_spot_Test_automtion_regression_suite-class-failed -->
          <div class="suite-Hub_spot_Test_automtion_regression_suite-class-passed">
            <div class="main-panel-header rounded-window-top">
              <img src="passed.png"/>
              <span class="class-name">com.qa.hubspot.tests.ContactsPageTest</span>
            </div> <!-- main-panel-header rounded-window-top -->
            <div class="main-panel-content rounded-window-bottom">
              <div class="method">
                <div class="method-content">
                  <a name="verifyContactsPageTitleTest">
                  </a> <!-- verifyContactsPageTitleTest -->
                  <span class="method-name">verifyContactsPageTitleTest</span>
                </div> <!-- method-content -->
              </div> <!-- method -->
              <div class="method">
                <div class="method-content">
                  <a name="verifyContactsPageTitleTest">
                  </a> <!-- verifyContactsPageTitleTest -->
                  <span class="method-name">verifyContactsPageTitleTest</span>
                </div> <!-- method-content -->
              </div> <!-- method -->
            </div> <!-- main-panel-content rounded-window-bottom -->
          </div> <!-- suite-Hub_spot_Test_automtion_regression_suite-class-passed -->
          <div class="suite-Hub_spot_Test_automtion_regression_suite-class-passed">
            <div class="main-panel-header rounded-window-top">
              <img src="passed.png"/>
              <span class="class-name">com.qa.hubspot.tests.LoginPageTest</span>
            </div> <!-- main-panel-header rounded-window-top -->
            <div class="main-panel-content rounded-window-bottom">
              <div class="method">
                <div class="method-content">
                  <a name="loginTest">
                  </a> <!-- loginTest -->
                  <span class="method-name">loginTest</span>
                </div> <!-- method-content -->
              </div> <!-- method -->
              <div class="method">
                <div class="method-content">
                  <a name="loginTest">
                  </a> <!-- loginTest -->
                  <span class="method-name">loginTest</span>
                </div> <!-- method-content -->
              </div> <!-- method -->
              <div class="method">
                <div class="method-content">
                  <a name="verifyLoginPageTitleTest">
                  </a> <!-- verifyLoginPageTitleTest -->
                  <span class="method-name">verifyLoginPageTitleTest</span>
                </div> <!-- method-content -->
              </div> <!-- method -->
              <div class="method">
                <div class="method-content">
                  <a name="verifyLoginPageTitleTest">
                  </a> <!-- verifyLoginPageTitleTest -->
                  <span class="method-name">verifyLoginPageTitleTest</span>
                </div> <!-- method-content -->
              </div> <!-- method -->
              <div class="method">
                <div class="method-content">
                  <a name="verifySignUpLinkTest">
                  </a> <!-- verifySignUpLinkTest -->
                  <span class="method-name">verifySignUpLinkTest</span>
                </div> <!-- method-content -->
              </div> <!-- method -->
              <div class="method">
                <div class="method-content">
                  <a name="verifySignUpLinkTest">
                  </a> <!-- verifySignUpLinkTest -->
                  <span class="method-name">verifySignUpLinkTest</span>
                </div> <!-- method-content -->
              </div> <!-- method -->
            </div> <!-- main-panel-content rounded-window-bottom -->
          </div> <!-- suite-Hub_spot_Test_automtion_regression_suite-class-passed -->
          <div class="suite-Hub_spot_Test_automtion_regression_suite-class-passed">
            <div class="main-panel-header rounded-window-top">
              <img src="passed.png"/>
              <span class="class-name">com.qa.hubspot.tests.HomePageTest</span>
            </div> <!-- main-panel-header rounded-window-top -->
            <div class="main-panel-content rounded-window-bottom">
              <div class="method">
                <div class="method-content">
                  <a name="verifyHomePageHeaderTest">
                  </a> <!-- verifyHomePageHeaderTest -->
                  <span class="method-name">verifyHomePageHeaderTest</span>
                </div> <!-- method-content -->
              </div> <!-- method -->
              <div class="method">
                <div class="method-content">
                  <a name="verifyHomePageHeaderTest">
                  </a> <!-- verifyHomePageHeaderTest -->
                  <span class="method-name">verifyHomePageHeaderTest</span>
                </div> <!-- method-content -->
              </div> <!-- method -->
              <div class="method">
                <div class="method-content">
                  <a name="verifyHomePageTitleTest">
                  </a> <!-- verifyHomePageTitleTest -->
                  <span class="method-name">verifyHomePageTitleTest</span>
                </div> <!-- method-content -->
              </div> <!-- method -->
              <div class="method">
                <div class="method-content">
                  <a name="verifyHomePageTitleTest">
                  </a> <!-- verifyHomePageTitleTest -->
                  <span class="method-name">verifyHomePageTitleTest</span>
                </div> <!-- method-content -->
              </div> <!-- method -->
            </div> <!-- main-panel-content rounded-window-bottom -->
          </div> <!-- suite-Hub_spot_Test_automtion_regression_suite-class-passed -->
        </div> <!-- panel Hub_spot_Test_automtion_regression_suite -->
        <div panel-name="test-xml-Hub_spot_Test_automtion_regression_suite" class="panel">
          <div class="main-panel-header rounded-window-top">
            <span class="header-content">C:\work\workspace\May2020POMSeries\src\test\resources\testrunners\testng_regression.xml</span>
          </div> <!-- main-panel-header rounded-window-top -->
          <div class="main-panel-content rounded-window-bottom">
            <pre>
&lt;?xml version=&quot;1.0&quot; encoding=&quot;UTF-8&quot;?&gt;
&lt;!DOCTYPE suite SYSTEM &quot;http://testng.org/testng-1.0.dtd&quot;&gt;
&lt;suite thread-count=&quot;3&quot; guice-stage=&quot;DEVELOPMENT&quot; name=&quot;Hub spot Test automtion regression suite&quot; parallel=&quot;tests&quot;&gt;
  &lt;listeners&gt;
    &lt;listener class-name=&quot;com.qa.hubspot.testlisteners.TestAllureListener&quot;/&gt;
    &lt;listener class-name=&quot;com.qa.hubspot.testlisteners.ExtentReportListener&quot;/&gt;
  &lt;/listeners&gt;
  &lt;test thread-count=&quot;3&quot; name=&quot;HubSpot Feature Testing - Login page - chrome&quot; parallel=&quot;tests&quot;&gt;
    &lt;parameter name=&quot;browser&quot; value=&quot;chrome&quot;/&gt;
    &lt;classes&gt;
      &lt;class name=&quot;com.qa.hubspot.tests.LoginPageTest&quot;/&gt;
    &lt;/classes&gt;
  &lt;/test&gt; &lt;!-- HubSpot Feature Testing - Login page - chrome --&gt;
  &lt;test thread-count=&quot;3&quot; name=&quot;HubSpot Feature Testing - home page - chrome&quot; parallel=&quot;tests&quot;&gt;
    &lt;parameter name=&quot;browser&quot; value=&quot;chrome&quot;/&gt;
    &lt;classes&gt;
      &lt;class name=&quot;com.qa.hubspot.tests.HomePageTest&quot;/&gt;
    &lt;/classes&gt;
  &lt;/test&gt; &lt;!-- HubSpot Feature Testing - home page - chrome --&gt;
  &lt;test thread-count=&quot;3&quot; name=&quot;HubSpot Feature Testing - Contacts Page - chrome&quot; parallel=&quot;tests&quot;&gt;
    &lt;parameter name=&quot;browser&quot; value=&quot;chrome&quot;/&gt;
    &lt;classes&gt;
      &lt;class name=&quot;com.qa.hubspot.tests.ContactsPageTest&quot;/&gt;
    &lt;/classes&gt;
  &lt;/test&gt; &lt;!-- HubSpot Feature Testing - Contacts Page - chrome --&gt;
  &lt;test thread-count=&quot;3&quot; name=&quot;HubSpot Feature Testing - login page - firefox&quot; parallel=&quot;tests&quot;&gt;
    &lt;parameter name=&quot;browser&quot; value=&quot;firefox&quot;/&gt;
    &lt;classes&gt;
      &lt;class name=&quot;com.qa.hubspot.tests.LoginPageTest&quot;/&gt;
    &lt;/classes&gt;
  &lt;/test&gt; &lt;!-- HubSpot Feature Testing - login page - firefox --&gt;
  &lt;test thread-count=&quot;3&quot; name=&quot;HubSpot Feature Testing - home page - firefox&quot; parallel=&quot;tests&quot;&gt;
    &lt;parameter name=&quot;browser&quot; value=&quot;firefox&quot;/&gt;
    &lt;classes&gt;
      &lt;class name=&quot;com.qa.hubspot.tests.HomePageTest&quot;/&gt;
    &lt;/classes&gt;
  &lt;/test&gt; &lt;!-- HubSpot Feature Testing - home page - firefox --&gt;
  &lt;test thread-count=&quot;3&quot; name=&quot;HubSpot Feature Testing - contacts page - firefox&quot; parallel=&quot;tests&quot;&gt;
    &lt;parameter name=&quot;browser&quot; value=&quot;firefox&quot;/&gt;
    &lt;classes&gt;
      &lt;class name=&quot;com.qa.hubspot.tests.ContactsPageTest&quot;/&gt;
    &lt;/classes&gt;
  &lt;/test&gt; &lt;!-- HubSpot Feature Testing - contacts page - firefox --&gt;
&lt;/suite&gt; &lt;!-- Hub spot Test automtion regression suite --&gt;
            </pre>
          </div> <!-- main-panel-content rounded-window-bottom -->
        </div> <!-- panel -->
        <div panel-name="testlist-Hub_spot_Test_automtion_regression_suite" class="panel">
          <div class="main-panel-header rounded-window-top">
            <span class="header-content">Tests for Hub spot Test automtion regression suite</span>
          </div> <!-- main-panel-header rounded-window-top -->
          <div class="main-panel-content rounded-window-bottom">
            <ul>
              <li>
                <span class="test-name">HubSpot Feature Testing - Login page - chrome (1 class)</span>
              </li>
              <li>
                <span class="test-name">HubSpot Feature Testing - home page - chrome (1 class)</span>
              </li>
              <li>
                <span class="test-name">HubSpot Feature Testing - Contacts Page - chrome (1 class)</span>
              </li>
              <li>
                <span class="test-name">HubSpot Feature Testing - login page - firefox (1 class)</span>
              </li>
              <li>
                <span class="test-name">HubSpot Feature Testing - home page - firefox (1 class)</span>
              </li>
              <li>
                <span class="test-name">HubSpot Feature Testing - contacts page - firefox (1 class)</span>
              </li>
            </ul>
          </div> <!-- main-panel-content rounded-window-bottom -->
        </div> <!-- panel -->
        <div panel-name="group-Hub_spot_Test_automtion_regression_suite" class="panel">
          <div class="main-panel-header rounded-window-top">
            <span class="header-content">Groups for Hub spot Test automtion regression suite</span>
          </div> <!-- main-panel-header rounded-window-top -->
          <div class="main-panel-content rounded-window-bottom">
          </div> <!-- main-panel-content rounded-window-bottom -->
        </div> <!-- panel -->
        <div panel-name="times-Hub_spot_Test_automtion_regression_suite" class="panel">
          <div class="main-panel-header rounded-window-top">
            <span class="header-content">Times for Hub spot Test automtion regression suite</span>
          </div> <!-- main-panel-header rounded-window-top -->
          <div class="main-panel-content rounded-window-bottom">
            <div class="times-div">
              <script type="text/javascript">
suiteTableInitFunctions.push('tableData_Hub_spot_Test_automtion_regression_suite');
function tableData_Hub_spot_Test_automtion_regression_suite() {
var data = new google.visualization.DataTable();
data.addColumn('number', 'Number');
data.addColumn('string', 'Method');
data.addColumn('string', 'Class');
data.addColumn('number', 'Time (ms)');
data.addRows(22);
data.setCell(0, 0, 0)
data.setCell(0, 1, 'createNewContactTest')
data.setCell(0, 2, 'com.qa.hubspot.tests.ContactsPageTest')
data.setCell(0, 3, 19553);
data.setCell(1, 0, 1)
data.setCell(1, 1, 'createNewContactTest')
data.setCell(1, 2, 'com.qa.hubspot.tests.ContactsPageTest')
data.setCell(1, 3, 14793);
data.setCell(2, 0, 2)
data.setCell(2, 1, 'verifyHomePageHeaderTest')
data.setCell(2, 2, 'com.qa.hubspot.tests.HomePageTest')
data.setCell(2, 3, 9424);
data.setCell(3, 0, 3)
data.setCell(3, 1, 'verifyHomePageHeaderTest')
data.setCell(3, 2, 'com.qa.hubspot.tests.HomePageTest')
data.setCell(3, 3, 6559);
data.setCell(4, 0, 4)
data.setCell(4, 1, 'verifySignUpLinkTest')
data.setCell(4, 2, 'com.qa.hubspot.tests.LoginPageTest')
data.setCell(4, 3, 5791);
data.setCell(5, 0, 5)
data.setCell(5, 1, 'verifySignUpLinkTest')
data.setCell(5, 2, 'com.qa.hubspot.tests.LoginPageTest')
data.setCell(5, 3, 5347);
data.setCell(6, 0, 6)
data.setCell(6, 1, 'loginTest')
data.setCell(6, 2, 'com.qa.hubspot.tests.LoginPageTest')
data.setCell(6, 3, 2858);
data.setCell(7, 0, 7)
data.setCell(7, 1, 'loginTest')
data.setCell(7, 2, 'com.qa.hubspot.tests.LoginPageTest')
data.setCell(7, 3, 1429);
data.setCell(8, 0, 8)
data.setCell(8, 1, 'createNewContactTest')
data.setCell(8, 2, 'com.qa.hubspot.tests.ContactsPageTest')
data.setCell(8, 3, 1382);
data.setCell(9, 0, 9)
data.setCell(9, 1, 'createNewContactTest')
data.setCell(9, 2, 'com.qa.hubspot.tests.ContactsPageTest')
data.setCell(9, 3, 1352);
data.setCell(10, 0, 10)
data.setCell(10, 1, 'createNewContactTest')
data.setCell(10, 2, 'com.qa.hubspot.tests.ContactsPageTest')
data.setCell(10, 3, 1325);
data.setCell(11, 0, 11)
data.setCell(11, 1, 'verifyContactsPageTitleTest')
data.setCell(11, 2, 'com.qa.hubspot.tests.ContactsPageTest')
data.setCell(11, 3, 1158);
data.setCell(12, 0, 12)
data.setCell(12, 1, 'verifyContactsPageTitleTest')
data.setCell(12, 2, 'com.qa.hubspot.tests.ContactsPageTest')
data.setCell(12, 3, 1098);
data.setCell(13, 0, 13)
data.setCell(13, 1, 'verifyHomePageTitleTest')
data.setCell(13, 2, 'com.qa.hubspot.tests.HomePageTest')
data.setCell(13, 3, 487);
data.setCell(14, 0, 14)
data.setCell(14, 1, 'createNewContactTest')
data.setCell(14, 2, 'com.qa.hubspot.tests.ContactsPageTest')
data.setCell(14, 3, 309);
data.setCell(15, 0, 15)
data.setCell(15, 1, 'verifyLoggedInUserTest')
data.setCell(15, 2, 'com.qa.hubspot.tests.HomePageTest')
data.setCell(15, 3, 216);
data.setCell(16, 0, 16)
data.setCell(16, 1, 'createNewContactTest')
data.setCell(16, 2, 'com.qa.hubspot.tests.ContactsPageTest')
data.setCell(16, 3, 199);
data.setCell(17, 0, 17)
data.setCell(17, 1, 'verifyLoggedInUserTest')
data.setCell(17, 2, 'com.qa.hubspot.tests.HomePageTest')
data.setCell(17, 3, 180);
data.setCell(18, 0, 18)
data.setCell(18, 1, 'createNewContactTest')
data.setCell(18, 2, 'com.qa.hubspot.tests.ContactsPageTest')
data.setCell(18, 3, 168);
data.setCell(19, 0, 19)
data.setCell(19, 1, 'verifyLoginPageTitleTest')
data.setCell(19, 2, 'com.qa.hubspot.tests.LoginPageTest')
data.setCell(19, 3, 114);
data.setCell(20, 0, 20)
data.setCell(20, 1, 'verifyHomePageTitleTest')
data.setCell(20, 2, 'com.qa.hubspot.tests.HomePageTest')
data.setCell(20, 3, 44);
data.setCell(21, 0, 21)
data.setCell(21, 1, 'verifyLoginPageTitleTest')
data.setCell(21, 2, 'com.qa.hubspot.tests.LoginPageTest')
data.setCell(21, 3, 37);
window.suiteTableData['Hub_spot_Test_automtion_regression_suite']= { tableData: data, tableDiv: 'times-div-Hub_spot_Test_automtion_regression_suite'}
return data;
}
              </script>
              <span class="suite-total-time">Total running time: 1 minutes</span>
              <div id="times-div-Hub_spot_Test_automtion_regression_suite">
              </div> <!-- times-div-Hub_spot_Test_automtion_regression_suite -->
            </div> <!-- times-div -->
          </div> <!-- main-panel-content rounded-window-bottom -->
        </div> <!-- panel -->
        <div panel-name="reporter-Hub_spot_Test_automtion_regression_suite" class="panel">
          <div class="main-panel-header rounded-window-top">
            <span class="header-content">Reporter output for Hub spot Test automtion regression suite</span>
          </div> <!-- main-panel-header rounded-window-top -->
          <div class="main-panel-content rounded-window-bottom">
          </div> <!-- main-panel-content rounded-window-bottom -->
        </div> <!-- panel -->
        <div panel-name="ignored-methods-Hub_spot_Test_automtion_regression_suite" class="panel">
          <div class="main-panel-header rounded-window-top">
            <span class="header-content">2 ignored methods</span>
          </div> <!-- main-panel-header rounded-window-top -->
          <div class="main-panel-content rounded-window-bottom">
            <div class="ignored-class-div">
              <span class="ignored-class-name">com.qa.hubspot.tests.ContactsPageTest</span>
              <div class="ignored-methods-div">
                <span class="ignored-method-name">verifyContactsPageHeader</span>
                <br/>
                <span class="ignored-method-name">verifyContactsPageHeader</span>
                <br/>
              </div> <!-- ignored-methods-div -->
            </div> <!-- ignored-class-div -->
          </div> <!-- main-panel-content rounded-window-bottom -->
        </div> <!-- panel -->
        <div panel-name="chronological-Hub_spot_Test_automtion_regression_suite" class="panel">
          <div class="main-panel-header rounded-window-top">
            <span class="header-content">Methods in chronological order</span>
          </div> <!-- main-panel-header rounded-window-top -->
          <div class="main-panel-content rounded-window-bottom">
            <div class="chronological-class">
              <div class="chronological-class-name">com.qa.hubspot.tests.HomePageTest</div> <!-- chronological-class-name -->
              <div class="configuration-test before">
                <span class="method-name">setUp(chrome)</span>
                <span class="method-start">0 ms</span>
              </div> <!-- configuration-test before -->
            </div> <!-- chronological-class -->
            <div class="chronological-class">
              <div class="chronological-class-name">com.qa.hubspot.tests.LoginPageTest</div> <!-- chronological-class-name -->
              <div class="configuration-test before">
                <span class="method-name">setUp(chrome)</span>
                <span class="method-start">1 ms</span>
              </div> <!-- configuration-test before -->
            </div> <!-- chronological-class -->
            <div class="chronological-class">
              <div class="chronological-class-name">com.qa.hubspot.tests.ContactsPageTest</div> <!-- chronological-class-name -->
              <div class="configuration-test before">
                <span class="method-name">setUp(chrome)</span>
                <span class="method-start">820 ms</span>
              </div> <!-- configuration-test before -->
              <div class="configuration-class before">
                <span class="method-name">contactsPageSetup</span>
                <span class="method-start">6537 ms</span>
              </div> <!-- configuration-class before -->
              <div class="test-method">
                <span class="method-name">verifyContactsPageTitleTest</span>
                <span class="method-start">21073 ms</span>
              </div> <!-- test-method -->
              <div class="test-method">
                <img src="failed.png">
                </img>
                <span class="method-name">createNewContactTest(sheena@gmail.com, Sheena, Shoby, SDET1)</span>
                <span class="method-start">25497 ms</span>
              </div> <!-- test-method -->
              <div class="test-method">
                <img src="failed.png">
                </img>
                <span class="method-name">createNewContactTest(kan@gmail.com, Kan, Oberoi, QA Manager)</span>
                <span class="method-start">42087 ms</span>
              </div> <!-- test-method -->
              <div class="test-method">
                <img src="failed.png">
                </img>
                <span class="method-name">createNewContactTest(sagar@gmail.com, Sagar, LN, SDET2)</span>
                <span class="method-start">44994 ms</span>
              </div> <!-- test-method -->
              <div class="test-method">
                <img src="failed.png">
                </img>
                <span class="method-name">createNewContactTest(tom@gmail.com, tom, peter, Director)</span>
                <span class="method-start">47885 ms</span>
              </div> <!-- test-method -->
              <div class="configuration-test after">
                <span class="method-name">tearDown</span>
                <span class="method-start">50734 ms</span>
              </div> <!-- configuration-test after -->
            </div> <!-- chronological-class -->
            <div class="chronological-class">
              <div class="chronological-class-name">com.qa.hubspot.tests.LoginPageTest</div> <!-- chronological-class-name -->
              <div class="configuration-test before">
                <span class="method-name">setUp(firefox)</span>
                <span class="method-start">52388 ms</span>
              </div> <!-- configuration-test before -->
            </div> <!-- chronological-class -->
            <div class="chronological-class">
              <div class="chronological-class-name">com.qa.hubspot.tests.HomePageTest</div> <!-- chronological-class-name -->
              <div class="configuration-class before">
                <span class="method-name">homePageSetup</span>
                <span class="method-start">52461 ms</span>
              </div> <!-- configuration-class before -->
              <div class="test-method">
                <span class="method-name">verifyHomePageHeaderTest</span>
                <span class="method-start">59960 ms</span>
              </div> <!-- test-method -->
            </div> <!-- chronological-class -->
            <div class="chronological-class">
              <div class="chronological-class-name">com.qa.hubspot.tests.LoginPageTest</div> <!-- chronological-class-name -->
              <div class="test-method">
                <span class="method-name">verifySignUpLinkTest</span>
                <span class="method-start">62183 ms</span>
              </div> <!-- test-method -->
            </div> <!-- chronological-class -->
            <div class="chronological-class">
              <div class="chronological-class-name">com.qa.hubspot.tests.HomePageTest</div> <!-- chronological-class-name -->
              <div class="test-method">
                <span class="method-name">verifyHomePageTitleTest</span>
                <span class="method-start">66533 ms</span>
              </div> <!-- test-method -->
              <div class="test-method">
                <img src="failed.png">
                </img>
                <span class="method-name">verifyLoggedInUserTest</span>
                <span class="method-start">67029 ms</span>
              </div> <!-- test-method -->
            </div> <!-- chronological-class -->
            <div class="chronological-class">
              <div class="chronological-class-name">com.qa.hubspot.tests.LoginPageTest</div> <!-- chronological-class-name -->
              <div class="test-method">
                <span class="method-name">verifyLoginPageTitleTest</span>
                <span class="method-start">67543 ms</span>
              </div> <!-- test-method -->
              <div class="test-method">
                <span class="method-name">loginTest</span>
                <span class="method-start">67592 ms</span>
              </div> <!-- test-method -->
            </div> <!-- chronological-class -->
            <div class="chronological-class">
              <div class="chronological-class-name">com.qa.hubspot.tests.HomePageTest</div> <!-- chronological-class-name -->
              <div class="configuration-test after">
                <span class="method-name">tearDown</span>
                <span class="method-start">68644 ms</span>
              </div> <!-- configuration-test after -->
              <div class="configuration-test before">
                <span class="method-name">setUp(firefox)</span>
                <span class="method-start">69042 ms</span>
              </div> <!-- configuration-test before -->
            </div> <!-- chronological-class -->
            <div class="chronological-class">
              <div class="chronological-class-name">com.qa.hubspot.tests.LoginPageTest</div> <!-- chronological-class-name -->
              <div class="test-method">
                <span class="method-name">verifySignUpLinkTest</span>
                <span class="method-start">70440 ms</span>
              </div> <!-- test-method -->
              <div class="configuration-test after">
                <span class="method-name">tearDown</span>
                <span class="method-start">70471 ms</span>
              </div> <!-- configuration-test after -->
            </div> <!-- chronological-class -->
            <div class="chronological-class">
              <div class="chronological-class-name">com.qa.hubspot.tests.ContactsPageTest</div> <!-- chronological-class-name -->
              <div class="configuration-test before">
                <span class="method-name">setUp(firefox)</span>
                <span class="method-start">74916 ms</span>
              </div> <!-- configuration-test before -->
            </div> <!-- chronological-class -->
            <div class="chronological-class">
              <div class="chronological-class-name">com.qa.hubspot.tests.LoginPageTest</div> <!-- chronological-class-name -->
              <div class="test-method">
                <span class="method-name">verifyLoginPageTitleTest</span>
                <span class="method-start">76241 ms</span>
              </div> <!-- test-method -->
              <div class="test-method">
                <span class="method-name">loginTest</span>
                <span class="method-start">76370 ms</span>
              </div> <!-- test-method -->
              <div class="configuration-test after">
                <span class="method-name">tearDown</span>
                <span class="method-start">77818 ms</span>
              </div> <!-- configuration-test after -->
            </div> <!-- chronological-class -->
            <div class="chronological-class">
              <div class="chronological-class-name">com.qa.hubspot.tests.HomePageTest</div> <!-- chronological-class-name -->
              <div class="configuration-class before">
                <span class="method-name">homePageSetup</span>
                <span class="method-start">82114 ms</span>
              </div> <!-- configuration-class before -->
              <div class="test-method">
                <span class="method-name">verifyHomePageHeaderTest</span>
                <span class="method-start">90549 ms</span>
              </div> <!-- test-method -->
              <div class="test-method">
                <span class="method-name">verifyHomePageTitleTest</span>
                <span class="method-start">99985 ms</span>
              </div> <!-- test-method -->
              <div class="test-method">
                <img src="failed.png">
                </img>
                <span class="method-name">verifyLoggedInUserTest</span>
                <span class="method-start">100038 ms</span>
              </div> <!-- test-method -->
              <div class="configuration-test after">
                <span class="method-name">tearDown</span>
                <span class="method-start">101212 ms</span>
              </div> <!-- configuration-test after -->
            </div> <!-- chronological-class -->
            <div class="chronological-class">
              <div class="chronological-class-name">com.qa.hubspot.tests.ContactsPageTest</div> <!-- chronological-class-name -->
              <div class="configuration-class before">
                <span class="method-name">contactsPageSetup</span>
                <span class="method-start">112234 ms</span>
              </div> <!-- configuration-class before -->
              <div class="test-method">
                <span class="method-name">verifyContactsPageTitleTest</span>
                <span class="method-start">126906 ms</span>
              </div> <!-- test-method -->
              <div class="test-method">
                <img src="failed.png">
                </img>
                <span class="method-name">createNewContactTest(sheena@gmail.com, Sheena, Shoby, SDET1)</span>
                <span class="method-start">128080 ms</span>
              </div> <!-- test-method -->
              <div class="test-method">
                <img src="failed.png">
                </img>
                <span class="method-name">createNewContactTest(kan@gmail.com, Kan, Oberoi, QA Manager)</span>
                <span class="method-start">148591 ms</span>
              </div> <!-- test-method -->
              <div class="test-method">
                <img src="failed.png">
                </img>
                <span class="method-name">createNewContactTest(sagar@gmail.com, Sagar, LN, SDET2)</span>
                <span class="method-start">149881 ms</span>
              </div> <!-- test-method -->
              <div class="test-method">
                <img src="failed.png">
                </img>
                <span class="method-name">createNewContactTest(tom@gmail.com, tom, peter, Director)</span>
                <span class="method-start">151092 ms</span>
              </div> <!-- test-method -->
              <div class="configuration-test after">
                <span class="method-name">tearDown</span>
                <span class="method-start">152309 ms</span>
              </div> <!-- configuration-test after -->
          </div> <!-- main-panel-content rounded-window-bottom -->
        </div> <!-- panel -->
      </div> <!-- main-panel-root -->
    </div> <!-- wrapper -->
  </body>
</html>
